#
# There is insufficient memory for the Java Runtime Environment to continue.
# Native memory allocation (malloc) failed to allocate 1476016 bytes for Chunk::new
# Possible reasons:
#   The system is out of physical RAM or swap space
#   The process is running with CompressedOops enabled, and the Java Heap may be blocking the growth of the native heap
# Possible solutions:
#   Reduce memory load on the system
#   Increase physical memory or swap space
#   Check if swap backing store is full
#   Decrease Java heap size (-Xmx/-Xms)
#   Decrease number of Java threads
#   Decrease Java thread stack sizes (-Xss)
#   Set larger code cache with -XX:ReservedCodeCacheSize=
#   JVM is running with Unscaled Compressed Oops mode in which the Java heap is
#     placed in the first 4GB address space. The Java Heap base address is the
#     maximum limit for the native heap growth. Please use -XX:HeapBaseMinAddress
#     to set the Java Heap base and to place the Java Heap above 4GB virtual address.
# This output file may be truncated or incomplete.
#
#  Out of Memory Error (t:/workspace/open/src/hotspot/share/memory/arena.cpp:197), pid=2128, tid=17556
#
# JRE version: OpenJDK Runtime Environment (11.0.2+9) (build 11.0.2+9)
# Java VM: OpenJDK 64-Bit Server VM (11.0.2+9, mixed mode, tiered, compressed oops, g1 gc, windows-amd64)
# No core dump will be written. Minidumps are not enabled by default on client versions of Windows
#

---------------  S U M M A R Y ------------

Command Line: -XX:MaxMetaspaceSize=512m --add-opens=java.base/java.util=ALL-UNNAMED --add-opens=java.base/java.lang=ALL-UNNAMED --add-opens=java.base/java.lang.invoke=ALL-UNNAMED --add-opens=java.prefs/java.util.prefs=ALL-UNNAMED --add-opens=java.base/java.nio.charset=ALL-UNNAMED --add-opens=java.base/java.net=ALL-UNNAMED --add-opens=java.base/java.util.concurrent.atomic=ALL-UNNAMED -Xmx2048m -Dfile.encoding=windows-1252 -Duser.country=VN -Duser.language=vi -Duser.variant org.gradle.launcher.daemon.bootstrap.GradleDaemon 7.6

Host: Intel(R) Core(TM) i3-8130U CPU @ 2.20GHz, 4 cores, 7G,  Windows 10 , 64 bit Build 19041 (10.0.19041.3636)
Time: Mon Apr  1 14:26:33 2024 SE Asia Standard Time elapsed time: 432 seconds (0d 0h 7m 12s)

---------------  T H R E A D  ---------------

Current thread (0x000002d17c83b000):  JavaThread "C2 CompilerThread0" daemon [_thread_in_native, id=17556, stack(0x000000db26500000,0x000000db26600000)]


Current CompileTask:
C2: 432565 9573       4       java.beans.Introspector::addMethod (196 bytes)

Stack: [0x000000db26500000,0x000000db26600000]
Native frames: (J=compiled Java code, j=interpreted, Vv=VM code, C=native code)
V  [jvm.dll+0x63489a]
V  [jvm.dll+0x771f9f]
V  [jvm.dll+0x773648]
V  [jvm.dll+0x773d03]
V  [jvm.dll+0x25eba8]
V  [jvm.dll+0xc2191]
V  [jvm.dll+0xc271c]
V  [jvm.dll+0x36cc47]
V  [jvm.dll+0x1a97d1]
V  [jvm.dll+0x218ad2]
V  [jvm.dll+0x217b6a]
V  [jvm.dll+0x194370]
V  [jvm.dll+0x226b3f]
V  [jvm.dll+0x225148]
V  [jvm.dll+0x73774d]
V  [jvm.dll+0x633942]
C  [ucrtbase.dll+0x21bb2]
C  [KERNEL32.DLL+0x17344]
C  [ntdll.dll+0x526b1]


---------------  P R O C E S S  ---------------

Threads class SMR info:
_java_thread_list=0x000002d101c23c70, length=84, elements={
0x000002d15e3f6800, 0x000002d17c7d5000, 0x000002d17c7d9000, 0x000002d17c838000,
0x000002d17c839000, 0x000002d17c83b000, 0x000002d17d19a000, 0x000002d17d1a7800,
0x000002d17d2a1000, 0x000002d17d2be800, 0x000002d17ea5b000, 0x000002d17e2ed000,
0x000002d17e456000, 0x000002d100c8f800, 0x000002d17eaa3800, 0x000002d17d618800,
0x000002d17de0e000, 0x000002d17df33000, 0x000002d17de0a000, 0x000002d17e9f8800,
0x000002d17e9f3800, 0x000002d17e9f3000, 0x000002d17e9f9800, 0x000002d17e9f5800,
0x000002d17e9f4800, 0x000002d17e9f6000, 0x000002d17e9f7000, 0x000002d17e6ef000,
0x000002d17e6f3000, 0x000002d17e6f2000, 0x000002d17e6ef800, 0x000002d17e6f1800,
0x000002d17e6ee000, 0x000002d17e6f4800, 0x000002d17e6f5800, 0x000002d17e6f0800,
0x000002d17e6fd000, 0x000002d17e6fa800, 0x000002d17e6fb000, 0x000002d17e6f8800,
0x000002d17e6fc000, 0x000002d17e6f7000, 0x000002d17e6f8000, 0x000002d17e6f9800,
0x000002d17e9f8000, 0x000002d1030ba800, 0x000002d1030be800, 0x000002d1030bb800,
0x000002d1030bc000, 0x000002d1030bd000, 0x000002d1030be000, 0x000002d1030b9800,
0x000002d1030c0000, 0x000002d1030c5000, 0x000002d1030c2000, 0x000002d1030c2800,
0x000002d1030c1000, 0x000002d1030c3800, 0x000002d1030c4800, 0x000002d1030bf800,
0x000002d1030c6000, 0x000002d1030c7000, 0x000002d1030c7800, 0x000002d1030c8800,
0x000002d17e6f6800, 0x000002d1002c3000, 0x000002d1002c2000, 0x000002d1002c6000,
0x000002d1002c3800, 0x000002d1002c5800, 0x000002d1002c0800, 0x000002d1002c7000,
0x000002d1002c1000, 0x000002d1002c8800, 0x000002d1002c8000, 0x000002d1002cd800,
0x000002d1002cf000, 0x000002d1002c9800, 0x000002d1002ca000, 0x000002d1002cc000,
0x000002d1002cb000, 0x000002d1002ce800, 0x000002d1002cc800, 0x000002d103075000
}

Java Threads: ( => current thread )
  0x000002d15e3f6800 JavaThread "main" [_thread_blocked, id=17432, stack(0x000000db25900000,0x000000db25a00000)]
  0x000002d17c7d5000 JavaThread "Reference Handler" daemon [_thread_blocked, id=17532, stack(0x000000db26100000,0x000000db26200000)]
  0x000002d17c7d9000 JavaThread "Finalizer" daemon [_thread_blocked, id=17536, stack(0x000000db26200000,0x000000db26300000)]
  0x000002d17c838000 JavaThread "Signal Dispatcher" daemon [_thread_blocked, id=17548, stack(0x000000db26300000,0x000000db26400000)]
  0x000002d17c839000 JavaThread "Attach Listener" daemon [_thread_blocked, id=17552, stack(0x000000db26400000,0x000000db26500000)]
=>0x000002d17c83b000 JavaThread "C2 CompilerThread0" daemon [_thread_in_native, id=17556, stack(0x000000db26500000,0x000000db26600000)]
  0x000002d17d19a000 JavaThread "C1 CompilerThread0" daemon [_thread_blocked, id=17564, stack(0x000000db26600000,0x000000db26700000)]
  0x000002d17d1a7800 JavaThread "Sweeper thread" daemon [_thread_blocked, id=17576, stack(0x000000db26700000,0x000000db26800000)]
  0x000002d17d2a1000 JavaThread "Common-Cleaner" daemon [_thread_blocked, id=17616, stack(0x000000db26800000,0x000000db26900000)]
  0x000002d17d2be800 JavaThread "Service Thread" daemon [_thread_blocked, id=17628, stack(0x000000db26900000,0x000000db26a00000)]
  0x000002d17ea5b000 JavaThread "Daemon health stats" [_thread_blocked, id=5612, stack(0x000000db26d00000,0x000000db26e00000)]
  0x000002d17e2ed000 JavaThread "Incoming local TCP Connector on port 51026" [_thread_in_native, id=8564, stack(0x000000db26e00000,0x000000db26f00000)]
  0x000002d17e456000 JavaThread "Daemon periodic checks" [_thread_blocked, id=16456, stack(0x000000db26f00000,0x000000db27000000)]
  0x000002d100c8f800 JavaThread "Daemon" [_thread_blocked, id=12208, stack(0x000000db27000000,0x000000db27100000)]
  0x000002d17eaa3800 JavaThread "Handler for socket connection from /127.0.0.1:51026 to /127.0.0.1:51064" [_thread_in_native, id=18012, stack(0x000000db27100000,0x000000db27200000)]
  0x000002d17d618800 JavaThread "Cancel handler" [_thread_blocked, id=4104, stack(0x000000db27200000,0x000000db27300000)]
  0x000002d17de0e000 JavaThread "Daemon worker" [_thread_in_vm, id=18152, stack(0x000000db27300000,0x000000db27400000)]
  0x000002d17df33000 JavaThread "Asynchronous log dispatcher for DefaultDaemonConnection: socket connection from /127.0.0.1:51026 to /127.0.0.1:51064" [_thread_blocked, id=17728, stack(0x000000db27400000,0x000000db27500000)]
  0x000002d17de0a000 JavaThread "Daemon client event forwarder" [_thread_blocked, id=1160, stack(0x000000db27600000,0x000000db27700000)]
  0x000002d17e9f8800 JavaThread "Cache worker for journal cache (C:\Users\a\.gradle\caches\journal-1)" [_thread_blocked, id=9160, stack(0x000000db27800000,0x000000db27900000)]
  0x000002d17e9f3800 JavaThread "File lock request listener" [_thread_in_native, id=6428, stack(0x000000db27900000,0x000000db27a00000)]
  0x000002d17e9f3000 JavaThread "Cache worker for file hash cache (C:\Users\a\.gradle\caches\7.6\fileHashes)" [_thread_blocked, id=11064, stack(0x000000db27b00000,0x000000db27c00000)]
  0x000002d17e9f9800 JavaThread "File watcher server" daemon [_thread_in_native, id=16924, stack(0x000000db27c00000,0x000000db27d00000)]
  0x000002d17e9f5800 JavaThread "File watcher consumer" daemon [_thread_blocked, id=6380, stack(0x000000db27d00000,0x000000db27e00000)]
  0x000002d17e9f4800 JavaThread "Cache worker for checksums cache (E:\RN\attendent-kit\mobile\android\.gradle\7.6\checksums)" [_thread_blocked, id=18708, stack(0x000000db28000000,0x000000db28100000)]
  0x000002d17e9f6000 JavaThread "Cache worker for cache directory md-rule (C:\Users\a\.gradle\caches\7.6\md-rule)" [_thread_blocked, id=18812, stack(0x000000db28100000,0x000000db28200000)]
  0x000002d17e9f7000 JavaThread "Cache worker for file content cache (C:\Users\a\.gradle\caches\7.6\fileContent)" [_thread_blocked, id=18908, stack(0x000000db28200000,0x000000db28300000)]
  0x000002d17e6ef000 JavaThread "Cache worker for file hash cache (E:\RN\attendent-kit\mobile\android\.gradle\7.6\fileHashes)" [_thread_blocked, id=19068, stack(0x000000db28300000,0x000000db28400000)]
  0x000002d17e6f3000 JavaThread "Cache worker for cache directory md-supplier (C:\Users\a\.gradle\caches\7.6\md-supplier)" [_thread_blocked, id=7732, stack(0x000000db28400000,0x000000db28500000)]
  0x000002d17e6f2000 JavaThread "Cache worker for execution history cache (C:\Users\a\.gradle\caches\7.6\executionHistory)" [_thread_blocked, id=10204, stack(0x000000db28500000,0x000000db28600000)]
  0x000002d17e6ef800 JavaThread "jar transforms" [_thread_blocked, id=18060, stack(0x000000db25800000,0x000000db25900000)]
  0x000002d17e6f1800 JavaThread "jar transforms Thread 2" [_thread_blocked, id=14896, stack(0x000000db25a00000,0x000000db25b00000)]
  0x000002d17e6ee000 JavaThread "jar transforms Thread 3" [_thread_blocked, id=18864, stack(0x000000db28600000,0x000000db28700000)]
  0x000002d17e6f4800 JavaThread "jar transforms Thread 4" [_thread_blocked, id=7704, stack(0x000000db28700000,0x000000db28800000)]
  0x000002d17e6f5800 JavaThread "Cache worker for kotlin-dsl (C:\Users\a\.gradle\caches\7.6\kotlin-dsl)" [_thread_blocked, id=5248, stack(0x000000db27500000,0x000000db27600000)]
  0x000002d17e6f0800 JavaThread "File lock release action executor Thread 3" [_thread_blocked, id=17724, stack(0x000000db27e00000,0x000000db27f00000)]
  0x000002d17e6fd000 JavaThread "Cache worker for dependencies-accessors (E:\RN\attendent-kit\mobile\android\.gradle\7.6\dependencies-accessors)" [_thread_blocked, id=4236, stack(0x000000db27f00000,0x000000db28000000)]
  0x000002d17e6fa800 JavaThread "Cache worker for Build Output Cleanup Cache (E:\RN\attendent-kit\mobile\node_modules\@react-native\gradle-plugin\.gradle\buildOutputCleanup)" [_thread_blocked, id=19128, stack(0x000000db28800000,0x000000db28900000)]
  0x000002d17e6fb000 JavaThread "Unconstrained build operations" [_thread_blocked, id=20096, stack(0x000000db28900000,0x000000db28a00000)]
  0x000002d17e6f8800 JavaThread "Unconstrained build operations Thread 2" [_thread_blocked, id=20100, stack(0x000000db28a00000,0x000000db28b00000)]
  0x000002d17e6fc000 JavaThread "Unconstrained build operations Thread 3" [_thread_blocked, id=20104, stack(0x000000db28b00000,0x000000db28c00000)]
  0x000002d17e6f7000 JavaThread "Unconstrained build operations Thread 4" [_thread_blocked, id=20108, stack(0x000000db28c00000,0x000000db28d00000)]
  0x000002d17e6f8000 JavaThread "Unconstrained build operations Thread 5" [_thread_blocked, id=20112, stack(0x000000db28d00000,0x000000db28e00000)]
  0x000002d17e6f9800 JavaThread "Unconstrained build operations Thread 6" [_thread_blocked, id=20116, stack(0x000000db28e00000,0x000000db28f00000)]
  0x000002d17e9f8000 JavaThread "Unconstrained build operations Thread 7" [_thread_blocked, id=20120, stack(0x000000db28f00000,0x000000db29000000)]
  0x000002d1030ba800 JavaThread "Unconstrained build operations Thread 8" [_thread_blocked, id=20124, stack(0x000000db29000000,0x000000db29100000)]
  0x000002d1030be800 JavaThread "Unconstrained build operations Thread 9" [_thread_blocked, id=20128, stack(0x000000db29100000,0x000000db29200000)]
  0x000002d1030bb800 JavaThread "Unconstrained build operations Thread 10" [_thread_blocked, id=20132, stack(0x000000db29200000,0x000000db29300000)]
  0x000002d1030bc000 JavaThread "Unconstrained build operations Thread 11" [_thread_blocked, id=20136, stack(0x000000db29300000,0x000000db29400000)]
  0x000002d1030bd000 JavaThread "Unconstrained build operations Thread 12" [_thread_blocked, id=20140, stack(0x000000db29400000,0x000000db29500000)]
  0x000002d1030be000 JavaThread "Unconstrained build operations Thread 13" [_thread_blocked, id=20144, stack(0x000000db29500000,0x000000db29600000)]
  0x000002d1030b9800 JavaThread "Unconstrained build operations Thread 14" [_thread_blocked, id=20148, stack(0x000000db29600000,0x000000db29700000)]
  0x000002d1030c0000 JavaThread "Unconstrained build operations Thread 15" [_thread_blocked, id=20152, stack(0x000000db29700000,0x000000db29800000)]
  0x000002d1030c5000 JavaThread "Unconstrained build operations Thread 16" [_thread_blocked, id=20156, stack(0x000000db29800000,0x000000db29900000)]
  0x000002d1030c2000 JavaThread "Unconstrained build operations Thread 17" [_thread_blocked, id=20160, stack(0x000000db29900000,0x000000db29a00000)]
  0x000002d1030c2800 JavaThread "Unconstrained build operations Thread 18" [_thread_blocked, id=20164, stack(0x000000db29a00000,0x000000db29b00000)]
  0x000002d1030c1000 JavaThread "Unconstrained build operations Thread 19" [_thread_blocked, id=20168, stack(0x000000db29b00000,0x000000db29c00000)]
  0x000002d1030c3800 JavaThread "Unconstrained build operations Thread 20" [_thread_blocked, id=20172, stack(0x000000db29c00000,0x000000db29d00000)]
  0x000002d1030c4800 JavaThread "Unconstrained build operations Thread 21" [_thread_blocked, id=20176, stack(0x000000db29d00000,0x000000db29e00000)]
  0x000002d1030bf800 JavaThread "Unconstrained build operations Thread 22" [_thread_blocked, id=20180, stack(0x000000db29e00000,0x000000db29f00000)]
  0x000002d1030c6000 JavaThread "Unconstrained build operations Thread 23" [_thread_blocked, id=20184, stack(0x000000db29f00000,0x000000db2a000000)]
  0x000002d1030c7000 JavaThread "Unconstrained build operations Thread 24" [_thread_blocked, id=20188, stack(0x000000db2a000000,0x000000db2a100000)]
  0x000002d1030c7800 JavaThread "Unconstrained build operations Thread 25" [_thread_blocked, id=20192, stack(0x000000db2a100000,0x000000db2a200000)]
  0x000002d1030c8800 JavaThread "Unconstrained build operations Thread 26" [_thread_blocked, id=20196, stack(0x000000db2a200000,0x000000db2a300000)]
  0x000002d17e6f6800 JavaThread "Memory manager" [_thread_blocked, id=2952, stack(0x000000db27a00000,0x000000db27b00000)]
  0x000002d1002c3000 JavaThread "Cache worker for Build Output Cleanup Cache (E:\RN\attendent-kit\mobile\android\.gradle\buildOutputCleanup)" [_thread_blocked, id=19992, stack(0x000000db2a400000,0x000000db2a500000)]
  0x000002d1002c2000 JavaThread "Execution worker" [_thread_blocked, id=19540, stack(0x000000db2a600000,0x000000db2a700000)]
  0x000002d1002c6000 JavaThread "Execution worker Thread 2" [_thread_blocked, id=18380, stack(0x000000db2a700000,0x000000db2a800000)]
  0x000002d1002c3800 JavaThread "Execution worker Thread 3" [_thread_blocked, id=11292, stack(0x000000db2a800000,0x000000db2a900000)]
  0x000002d1002c5800 JavaThread "Cache worker for execution history cache (E:\RN\attendent-kit\mobile\node_modules\@react-native\gradle-plugin\.gradle\7.6\executionHistory)" [_thread_blocked, id=3052, stack(0x000000db2a900000,0x000000db2aa00000)]
  0x000002d1002c0800 JavaThread "Unconstrained build operations Thread 27" [_thread_blocked, id=20560, stack(0x000000db2aa00000,0x000000db2ab00000)]
  0x000002d1002c7000 JavaThread "Unconstrained build operations Thread 28" [_thread_blocked, id=11416, stack(0x000000db2ab00000,0x000000db2ac00000)]
  0x000002d1002c1000 JavaThread "Unconstrained build operations Thread 29" [_thread_blocked, id=15224, stack(0x000000db2ac00000,0x000000db2ad00000)]
  0x000002d1002c8800 JavaThread "Unconstrained build operations Thread 30" [_thread_blocked, id=18824, stack(0x000000db2ad00000,0x000000db2ae00000)]
  0x000002d1002c8000 JavaThread "Unconstrained build operations Thread 31" [_thread_blocked, id=21060, stack(0x000000db2ae00000,0x000000db2af00000)]
  0x000002d1002cd800 JavaThread "Unconstrained build operations Thread 32" [_thread_blocked, id=21156, stack(0x000000db2af00000,0x000000db2b000000)]
  0x000002d1002cf000 JavaThread "Unconstrained build operations Thread 33" [_thread_blocked, id=21176, stack(0x000000db2b000000,0x000000db2b100000)]
  0x000002d1002c9800 JavaThread "Unconstrained build operations Thread 34" [_thread_blocked, id=21148, stack(0x000000db2b100000,0x000000db2b200000)]
  0x000002d1002ca000 JavaThread "Unconstrained build operations Thread 35" [_thread_blocked, id=12976, stack(0x000000db2b200000,0x000000db2b300000)]
  0x000002d1002cc000 JavaThread "Unconstrained build operations Thread 36" [_thread_blocked, id=21096, stack(0x000000db2b300000,0x000000db2b400000)]
  0x000002d1002cb000 JavaThread "Unconstrained build operations Thread 37" [_thread_blocked, id=3028, stack(0x000000db2b400000,0x000000db2b500000)]
  0x000002d1002ce800 JavaThread "Unconstrained build operations Thread 38" [_thread_blocked, id=9472, stack(0x000000db2b500000,0x000000db2b600000)]
  0x000002d1002cc800 JavaThread "Unconstrained build operations Thread 39" [_thread_blocked, id=6964, stack(0x000000db2b600000,0x000000db2b700000)]
  0x000002d103075000 JavaThread "Unconstrained build operations Thread 40" [_thread_blocked, id=10632, stack(0x000000db2b700000,0x000000db2b800000)]

Other Threads:
  0x000002d17c7d0000 VMThread "VM Thread" [stack: 0x000000db26000000,0x000000db26100000] [id=17500]
  0x000002d17d2f0800 WatcherThread [stack: 0x000000db26a00000,0x000000db26b00000] [id=17680]
  0x000002d15e40f000 GCTaskThread "GC Thread#0" [stack: 0x000000db25b00000,0x000000db25c00000] [id=17472]
  0x000002d17d42c000 GCTaskThread "GC Thread#1" [stack: 0x000000db26b00000,0x000000db26c00000] [id=18096]
  0x000002d17d42d000 GCTaskThread "GC Thread#2" [stack: 0x000000db26c00000,0x000000db26d00000] [id=18100]
  0x000002d17de0b000 GCTaskThread "GC Thread#3" [stack: 0x000000db27700000,0x000000db27800000] [id=1232]
  0x000002d15e43e000 ConcurrentGCThread "G1 Main Marker" [stack: 0x000000db25c00000,0x000000db25d00000] [id=17476]
  0x000002d15e440800 ConcurrentGCThread "G1 Conc#0" [stack: 0x000000db25d00000,0x000000db25e00000] [id=17480]
  0x000002d15e4ce000 ConcurrentGCThread "G1 Refine#0" [stack: 0x000000db25e00000,0x000000db25f00000] [id=17484]
  0x000002d17c640800 ConcurrentGCThread "G1 Young RemSet Sampling" [stack: 0x000000db25f00000,0x000000db26000000] [id=17488]

Threads with active compile tasks:
C2 CompilerThread09573       4       java.beans.Introspector::addMethod (196 bytes)

VM state:not at safepoint (normal execution)

VM Mutex/Monitor currently owned by a thread: None

Heap address: 0x0000000080000000, size: 2048 MB, Compressed Oops mode: 32-bit
Narrow klass base: 0x0000000000000000, Narrow klass shift: 3
Compressed class space size: 528482304 Address: 0x0000000100000000

Heap:
 garbage-first heap   total 129024K, used 91829K [0x0000000080000000, 0x0000000100000000)
  region size 1024K, 22 young (22528K), 3 survivors (3072K)
 Metaspace       used 83933K, capacity 86524K, committed 86608K, reserved 591872K
  class space    used 10930K, capacity 11926K, committed 11936K, reserved 516096K
Heap Regions: E=young(eden), S=young(survivor), O=old, HS=humongous(starts), HC=humongous(continues), CS=collection set, F=free, A=archive, TAMS=top-at-mark-start (previous, next)
|   0|0x0000000080000000, 0x0000000080100000, 0x0000000080100000|100%|HS|  |TAMS 0x0000000080100000, 0x0000000080000000| Complete 
|   1|0x0000000080100000, 0x0000000080200000, 0x0000000080200000|100%|HC|  |TAMS 0x0000000080200000, 0x0000000080100000| Complete 
|   2|0x0000000080200000, 0x0000000080300000, 0x0000000080300000|100%|HC|  |TAMS 0x0000000080300000, 0x0000000080200000| Complete 
|   3|0x0000000080300000, 0x0000000080400000, 0x0000000080400000|100%| O|  |TAMS 0x0000000080400000, 0x0000000080300000| Untracked 
|   4|0x0000000080400000, 0x0000000080500000, 0x0000000080500000|100%| O|  |TAMS 0x0000000080500000, 0x0000000080400000| Untracked 
|   5|0x0000000080500000, 0x0000000080600000, 0x0000000080600000|100%| O|  |TAMS 0x0000000080600000, 0x0000000080500000| Untracked 
|   6|0x0000000080600000, 0x0000000080700000, 0x0000000080700000|100%| O|  |TAMS 0x0000000080700000, 0x0000000080600000| Untracked 
|   7|0x0000000080700000, 0x0000000080800000, 0x0000000080800000|100%| O|  |TAMS 0x0000000080800000, 0x0000000080700000| Untracked 
|   8|0x0000000080800000, 0x0000000080900000, 0x0000000080900000|100%| O|  |TAMS 0x0000000080900000, 0x0000000080800000| Untracked 
|   9|0x0000000080900000, 0x0000000080a00000, 0x0000000080a00000|100%| O|  |TAMS 0x0000000080a00000, 0x0000000080900000| Untracked 
|  10|0x0000000080a00000, 0x0000000080b00000, 0x0000000080b00000|100%| O|  |TAMS 0x0000000080b00000, 0x0000000080a00000| Untracked 
|  11|0x0000000080b00000, 0x0000000080c00000, 0x0000000080c00000|100%| O|  |TAMS 0x0000000080c00000, 0x0000000080b00000| Untracked 
|  12|0x0000000080c00000, 0x0000000080d00000, 0x0000000080d00000|100%| O|  |TAMS 0x0000000080d00000, 0x0000000080c00000| Untracked 
|  13|0x0000000080d00000, 0x0000000080e00000, 0x0000000080e00000|100%| O|  |TAMS 0x0000000080e00000, 0x0000000080d00000| Untracked 
|  14|0x0000000080e00000, 0x0000000080f00000, 0x0000000080f00000|100%| O|  |TAMS 0x0000000080f00000, 0x0000000080e00000| Untracked 
|  15|0x0000000080f00000, 0x0000000081000000, 0x0000000081000000|100%| O|  |TAMS 0x0000000081000000, 0x0000000080f00000| Untracked 
|  16|0x0000000081000000, 0x0000000081100000, 0x0000000081100000|100%| O|  |TAMS 0x0000000081100000, 0x0000000081000000| Untracked 
|  17|0x0000000081100000, 0x0000000081200000, 0x0000000081200000|100%| O|  |TAMS 0x0000000081200000, 0x0000000081100000| Untracked 
|  18|0x0000000081200000, 0x0000000081300000, 0x0000000081300000|100%| O|  |TAMS 0x0000000081300000, 0x0000000081200000| Untracked 
|  19|0x0000000081300000, 0x0000000081400000, 0x0000000081400000|100%| O|  |TAMS 0x0000000081400000, 0x0000000081300000| Untracked 
|  20|0x0000000081400000, 0x0000000081500000, 0x0000000081500000|100%| O|  |TAMS 0x0000000081500000, 0x0000000081400000| Untracked 
|  21|0x0000000081500000, 0x0000000081600000, 0x0000000081600000|100%| O|  |TAMS 0x0000000081600000, 0x0000000081500000| Untracked 
|  22|0x0000000081600000, 0x0000000081700000, 0x0000000081700000|100%| O|  |TAMS 0x0000000081700000, 0x0000000081600000| Untracked 
|  23|0x0000000081700000, 0x0000000081800000, 0x0000000081800000|100%| O|  |TAMS 0x0000000081800000, 0x0000000081700000| Untracked 
|  24|0x0000000081800000, 0x0000000081900000, 0x0000000081900000|100%| O|  |TAMS 0x0000000081900000, 0x0000000081800000| Untracked 
|  25|0x0000000081900000, 0x0000000081a00000, 0x0000000081a00000|100%| O|  |TAMS 0x0000000081a00000, 0x0000000081900000| Untracked 
|  26|0x0000000081a00000, 0x0000000081b00000, 0x0000000081b00000|100%| O|  |TAMS 0x0000000081b00000, 0x0000000081a00000| Untracked 
|  27|0x0000000081b00000, 0x0000000081c00000, 0x0000000081c00000|100%| O|  |TAMS 0x0000000081c00000, 0x0000000081b00000| Untracked 
|  28|0x0000000081c00000, 0x0000000081d00000, 0x0000000081d00000|100%|HS|  |TAMS 0x0000000081d00000, 0x0000000081c00000| Complete 
|  29|0x0000000081d00000, 0x0000000081e00000, 0x0000000081e00000|100%|HC|  |TAMS 0x0000000081e00000, 0x0000000081d00000| Complete 
|  30|0x0000000081e00000, 0x0000000081f00000, 0x0000000081f00000|100%|HS|  |TAMS 0x0000000081f00000, 0x0000000081e00000| Complete 
|  31|0x0000000081f00000, 0x0000000082000000, 0x0000000082000000|100%|HC|  |TAMS 0x0000000082000000, 0x0000000081f00000| Complete 
|  32|0x0000000082000000, 0x0000000082100000, 0x0000000082100000|100%|HC|  |TAMS 0x0000000082100000, 0x0000000082000000| Complete 
|  33|0x0000000082100000, 0x0000000082200000, 0x0000000082200000|100%|HC|  |TAMS 0x0000000082200000, 0x0000000082100000| Complete 
|  34|0x0000000082200000, 0x0000000082300000, 0x0000000082300000|100%| O|  |TAMS 0x0000000082300000, 0x0000000082200000| Untracked 
|  35|0x0000000082300000, 0x0000000082400000, 0x0000000082400000|100%| O|  |TAMS 0x0000000082400000, 0x0000000082300000| Untracked 
|  36|0x0000000082400000, 0x0000000082500000, 0x0000000082500000|100%| O|  |TAMS 0x0000000082500000, 0x0000000082400000| Untracked 
|  37|0x0000000082500000, 0x0000000082600000, 0x0000000082600000|100%| O|  |TAMS 0x0000000082600000, 0x0000000082500000| Untracked 
|  38|0x0000000082600000, 0x0000000082700000, 0x0000000082700000|100%| O|  |TAMS 0x0000000082700000, 0x0000000082600000| Untracked 
|  39|0x0000000082700000, 0x0000000082800000, 0x0000000082800000|100%| O|  |TAMS 0x0000000082800000, 0x0000000082700000| Untracked 
|  40|0x0000000082800000, 0x0000000082900000, 0x0000000082900000|100%| O|  |TAMS 0x0000000082900000, 0x0000000082800000| Untracked 
|  41|0x0000000082900000, 0x0000000082a00000, 0x0000000082a00000|100%| O|  |TAMS 0x0000000082a00000, 0x0000000082900000| Untracked 
|  42|0x0000000082a00000, 0x0000000082b00000, 0x0000000082b00000|100%| O|  |TAMS 0x0000000082b00000, 0x0000000082a00000| Untracked 
|  43|0x0000000082b00000, 0x0000000082c00000, 0x0000000082c00000|100%| O|  |TAMS 0x0000000082c00000, 0x0000000082b00000| Untracked 
|  44|0x0000000082c00000, 0x0000000082d00000, 0x0000000082d00000|100%| O|  |TAMS 0x0000000082d00000, 0x0000000082c00000| Untracked 
|  45|0x0000000082d00000, 0x0000000082e00000, 0x0000000082e00000|100%| O|  |TAMS 0x0000000082e00000, 0x0000000082d00000| Untracked 
|  46|0x0000000082e00000, 0x0000000082f00000, 0x0000000082f00000|100%| O|  |TAMS 0x0000000082f00000, 0x0000000082e00000| Untracked 
|  47|0x0000000082f00000, 0x0000000083000000, 0x0000000083000000|100%| O|  |TAMS 0x0000000083000000, 0x0000000082f00000| Untracked 
|  48|0x0000000083000000, 0x0000000083100000, 0x0000000083100000|100%| O|  |TAMS 0x0000000083100000, 0x0000000083000000| Untracked 
|  49|0x0000000083100000, 0x0000000083200000, 0x0000000083200000|100%| O|  |TAMS 0x0000000083200000, 0x0000000083100000| Untracked 
|  50|0x0000000083200000, 0x0000000083300000, 0x0000000083300000|100%| O|  |TAMS 0x0000000083300000, 0x0000000083200000| Untracked 
|  51|0x0000000083300000, 0x0000000083400000, 0x0000000083400000|100%| O|  |TAMS 0x0000000083400000, 0x0000000083300000| Untracked 
|  52|0x0000000083400000, 0x0000000083500000, 0x0000000083500000|100%| O|  |TAMS 0x0000000083500000, 0x0000000083400000| Untracked 
|  53|0x0000000083500000, 0x0000000083600000, 0x0000000083600000|100%|HS|  |TAMS 0x0000000083600000, 0x0000000083500000| Complete 
|  54|0x0000000083600000, 0x0000000083700000, 0x0000000083700000|100%|HS|  |TAMS 0x0000000083700000, 0x0000000083600000| Complete 
|  55|0x0000000083700000, 0x0000000083800000, 0x0000000083800000|100%| O|  |TAMS 0x0000000083800000, 0x0000000083700000| Untracked 
|  56|0x0000000083800000, 0x0000000083900000, 0x0000000083900000|100%| O|  |TAMS 0x0000000083900000, 0x0000000083800000| Untracked 
|  57|0x0000000083900000, 0x0000000083a00000, 0x0000000083a00000|100%| O|  |TAMS 0x0000000083a00000, 0x0000000083900000| Untracked 
|  58|0x0000000083a00000, 0x0000000083b00000, 0x0000000083b00000|100%| O|  |TAMS 0x0000000083b00000, 0x0000000083a00000| Untracked 
|  59|0x0000000083b00000, 0x0000000083c00000, 0x0000000083c00000|100%| O|  |TAMS 0x0000000083c00000, 0x0000000083b00000| Untracked 
|  60|0x0000000083c00000, 0x0000000083d00000, 0x0000000083d00000|100%| O|  |TAMS 0x0000000083d00000, 0x0000000083c00000| Untracked 
|  61|0x0000000083d00000, 0x0000000083e00000, 0x0000000083e00000|100%| O|  |TAMS 0x0000000083e00000, 0x0000000083d00000| Untracked 
|  62|0x0000000083e00000, 0x0000000083f00000, 0x0000000083f00000|100%| O|  |TAMS 0x0000000083f00000, 0x0000000083e00000| Untracked 
|  63|0x0000000083f00000, 0x0000000084000000, 0x0000000084000000|100%| O|  |TAMS 0x0000000084000000, 0x0000000083f00000| Untracked 
|  64|0x0000000084000000, 0x0000000084100000, 0x0000000084100000|100%| O|  |TAMS 0x0000000084100000, 0x0000000084000000| Untracked 
|  65|0x0000000084100000, 0x000000008413d000, 0x0000000084200000| 23%| O|  |TAMS 0x000000008413d000, 0x0000000084100000| Untracked 
|  66|0x0000000084200000, 0x0000000084200000, 0x0000000084300000|  0%| F|  |TAMS 0x0000000084200000, 0x0000000084200000| Untracked 
|  67|0x0000000084300000, 0x0000000084300000, 0x0000000084400000|  0%| F|  |TAMS 0x0000000084300000, 0x0000000084300000| Untracked 
|  68|0x0000000084400000, 0x0000000084400000, 0x0000000084500000|  0%| F|  |TAMS 0x0000000084400000, 0x0000000084400000| Untracked 
|  69|0x0000000084500000, 0x0000000084600000, 0x0000000084600000|100%| O|  |TAMS 0x0000000084600000, 0x0000000084500000| Untracked 
|  70|0x0000000084600000, 0x0000000084700000, 0x0000000084700000|100%| O|  |TAMS 0x0000000084700000, 0x0000000084600000| Untracked 
|  71|0x0000000084700000, 0x0000000084800000, 0x0000000084800000|100%| O|  |TAMS 0x0000000084800000, 0x0000000084700000| Untracked 
|  72|0x0000000084800000, 0x0000000084900000, 0x0000000084900000|100%| O|  |TAMS 0x0000000084900000, 0x0000000084800000| Untracked 
|  73|0x0000000084900000, 0x0000000084900000, 0x0000000084a00000|  0%| F|  |TAMS 0x0000000084900000, 0x0000000084900000| Untracked 
|  74|0x0000000084a00000, 0x0000000084a00000, 0x0000000084b00000|  0%| F|  |TAMS 0x0000000084a00000, 0x0000000084a00000| Untracked 
|  75|0x0000000084b00000, 0x0000000084b00000, 0x0000000084c00000|  0%| F|  |TAMS 0x0000000084b00000, 0x0000000084b00000| Untracked 
|  76|0x0000000084c00000, 0x0000000084c00000, 0x0000000084d00000|  0%| F|  |TAMS 0x0000000084c00000, 0x0000000084c00000| Untracked 
|  77|0x0000000084d00000, 0x0000000084d00000, 0x0000000084e00000|  0%| F|  |TAMS 0x0000000084d00000, 0x0000000084d00000| Untracked 
|  78|0x0000000084e00000, 0x0000000084e00000, 0x0000000084f00000|  0%| F|  |TAMS 0x0000000084e00000, 0x0000000084e00000| Untracked 
|  79|0x0000000084f00000, 0x0000000084f00000, 0x0000000085000000|  0%| F|  |TAMS 0x0000000084f00000, 0x0000000084f00000| Untracked 
|  80|0x0000000085000000, 0x0000000085000000, 0x0000000085100000|  0%| F|  |TAMS 0x0000000085000000, 0x0000000085000000| Untracked 
|  81|0x0000000085100000, 0x0000000085100000, 0x0000000085200000|  0%| F|  |TAMS 0x0000000085100000, 0x0000000085100000| Untracked 
|  82|0x0000000085200000, 0x0000000085200000, 0x0000000085300000|  0%| F|  |TAMS 0x0000000085200000, 0x0000000085200000| Untracked 
|  83|0x0000000085300000, 0x0000000085300000, 0x0000000085400000|  0%| F|  |TAMS 0x0000000085300000, 0x0000000085300000| Untracked 
|  84|0x0000000085400000, 0x0000000085400000, 0x0000000085500000|  0%| F|  |TAMS 0x0000000085400000, 0x0000000085400000| Untracked 
|  85|0x0000000085500000, 0x0000000085500000, 0x0000000085600000|  0%| F|  |TAMS 0x0000000085500000, 0x0000000085500000| Untracked 
|  86|0x0000000085600000, 0x0000000085600000, 0x0000000085700000|  0%| F|  |TAMS 0x0000000085600000, 0x0000000085600000| Untracked 
|  87|0x0000000085700000, 0x0000000085700000, 0x0000000085800000|  0%| F|  |TAMS 0x0000000085700000, 0x0000000085700000| Untracked 
|  88|0x0000000085800000, 0x0000000085800000, 0x0000000085900000|  0%| F|  |TAMS 0x0000000085800000, 0x0000000085800000| Untracked 
|  89|0x0000000085900000, 0x0000000085900000, 0x0000000085a00000|  0%| F|  |TAMS 0x0000000085900000, 0x0000000085900000| Untracked 
|  90|0x0000000085a00000, 0x0000000085a00000, 0x0000000085b00000|  0%| F|  |TAMS 0x0000000085a00000, 0x0000000085a00000| Untracked 
|  91|0x0000000085b00000, 0x0000000085b00000, 0x0000000085c00000|  0%| F|  |TAMS 0x0000000085b00000, 0x0000000085b00000| Untracked 
|  92|0x0000000085c00000, 0x0000000085c00000, 0x0000000085d00000|  0%| F|  |TAMS 0x0000000085c00000, 0x0000000085c00000| Untracked 
|  93|0x0000000085d00000, 0x0000000085d00000, 0x0000000085e00000|  0%| F|  |TAMS 0x0000000085d00000, 0x0000000085d00000| Untracked 
|  94|0x0000000085e00000, 0x0000000085e00000, 0x0000000085f00000|  0%| F|  |TAMS 0x0000000085e00000, 0x0000000085e00000| Untracked 
|  95|0x0000000085f00000, 0x0000000085f00000, 0x0000000086000000|  0%| F|  |TAMS 0x0000000085f00000, 0x0000000085f00000| Untracked 
|  96|0x0000000086000000, 0x0000000086000000, 0x0000000086100000|  0%| F|  |TAMS 0x0000000086000000, 0x0000000086000000| Untracked 
|  97|0x0000000086100000, 0x0000000086100000, 0x0000000086200000|  0%| F|  |TAMS 0x0000000086100000, 0x0000000086100000| Untracked 
|  98|0x0000000086200000, 0x0000000086200000, 0x0000000086300000|  0%| F|  |TAMS 0x0000000086200000, 0x0000000086200000| Untracked 
|  99|0x0000000086300000, 0x0000000086300000, 0x0000000086400000|  0%| F|  |TAMS 0x0000000086300000, 0x0000000086300000| Untracked 
| 100|0x0000000086400000, 0x0000000086470740, 0x0000000086500000| 43%| S|CS|TAMS 0x0000000086400000, 0x0000000086400000| Complete 
| 101|0x0000000086500000, 0x0000000086600000, 0x0000000086600000|100%| S|CS|TAMS 0x0000000086500000, 0x0000000086500000| Complete 
| 102|0x0000000086600000, 0x0000000086700000, 0x0000000086700000|100%| S|CS|TAMS 0x0000000086600000, 0x0000000086600000| Complete 
| 103|0x0000000086700000, 0x0000000086700000, 0x0000000086800000|  0%| F|  |TAMS 0x0000000086700000, 0x0000000086700000| Untracked 
| 104|0x0000000086800000, 0x0000000086800000, 0x0000000086900000|  0%| F|  |TAMS 0x0000000086800000, 0x0000000086800000| Untracked 
| 105|0x0000000086900000, 0x0000000086900000, 0x0000000086a00000|  0%| F|  |TAMS 0x0000000086900000, 0x0000000086900000| Untracked 
| 106|0x0000000086a00000, 0x0000000086a00000, 0x0000000086b00000|  0%| F|  |TAMS 0x0000000086a00000, 0x0000000086a00000| Untracked 
| 107|0x0000000086b00000, 0x0000000086c00000, 0x0000000086c00000|100%| E|  |TAMS 0x0000000086b00000, 0x0000000086b00000| Complete 
| 108|0x0000000086c00000, 0x0000000086d00000, 0x0000000086d00000|100%| E|CS|TAMS 0x0000000086c00000, 0x0000000086c00000| Complete 
| 109|0x0000000086d00000, 0x0000000086e00000, 0x0000000086e00000|100%| E|CS|TAMS 0x0000000086d00000, 0x0000000086d00000| Complete 
| 110|0x0000000086e00000, 0x0000000086f00000, 0x0000000086f00000|100%| E|CS|TAMS 0x0000000086e00000, 0x0000000086e00000| Complete 
| 111|0x0000000086f00000, 0x0000000087000000, 0x0000000087000000|100%| E|CS|TAMS 0x0000000086f00000, 0x0000000086f00000| Complete 
| 112|0x0000000087000000, 0x0000000087100000, 0x0000000087100000|100%| E|CS|TAMS 0x0000000087000000, 0x0000000087000000| Complete 
| 113|0x0000000087100000, 0x0000000087200000, 0x0000000087200000|100%| E|CS|TAMS 0x0000000087100000, 0x0000000087100000| Complete 
| 114|0x0000000087200000, 0x0000000087300000, 0x0000000087300000|100%| E|CS|TAMS 0x0000000087200000, 0x0000000087200000| Complete 
| 115|0x0000000087300000, 0x0000000087400000, 0x0000000087400000|100%| E|CS|TAMS 0x0000000087300000, 0x0000000087300000| Complete 
| 116|0x0000000087400000, 0x0000000087500000, 0x0000000087500000|100%| E|CS|TAMS 0x0000000087400000, 0x0000000087400000| Complete 
| 117|0x0000000087500000, 0x0000000087600000, 0x0000000087600000|100%| E|CS|TAMS 0x0000000087500000, 0x0000000087500000| Complete 
| 118|0x0000000087600000, 0x0000000087700000, 0x0000000087700000|100%| E|CS|TAMS 0x0000000087600000, 0x0000000087600000| Complete 
| 119|0x0000000087700000, 0x0000000087800000, 0x0000000087800000|100%| E|CS|TAMS 0x0000000087700000, 0x0000000087700000| Complete 
| 120|0x0000000087800000, 0x0000000087900000, 0x0000000087900000|100%| E|CS|TAMS 0x0000000087800000, 0x0000000087800000| Complete 
| 121|0x0000000087900000, 0x0000000087a00000, 0x0000000087a00000|100%| E|CS|TAMS 0x0000000087900000, 0x0000000087900000| Complete 
| 122|0x0000000087a00000, 0x0000000087b00000, 0x0000000087b00000|100%| E|CS|TAMS 0x0000000087a00000, 0x0000000087a00000| Complete 
| 123|0x0000000087b00000, 0x0000000087c00000, 0x0000000087c00000|100%| E|CS|TAMS 0x0000000087b00000, 0x0000000087b00000| Complete 
| 124|0x0000000087c00000, 0x0000000087d00000, 0x0000000087d00000|100%| E|CS|TAMS 0x0000000087c00000, 0x0000000087c00000| Complete 
| 125|0x0000000087d00000, 0x0000000087e00000, 0x0000000087e00000|100%| E|CS|TAMS 0x0000000087d00000, 0x0000000087d00000| Complete 

Card table byte_map: [0x000002d175b10000,0x000002d175f10000] _byte_map_base: 0x000002d175710000

Marking Bits (Prev, Next): (CMBitMap*) 0x000002d15e435290, (CMBitMap*) 0x000002d15e435258
 Prev Bits: [0x000002d178310000, 0x000002d17a310000)
 Next Bits: [0x000002d176310000, 0x000002d178310000)

Polling page: 0x000002d15db40000

Metaspace:

Usage:
  Non-class:     72.85 MB capacity,    71.29 MB ( 98%) used,     1.31 MB (  2%) free+waste,   257.81 KB ( <1%) overhead. 
      Class:     11.65 MB capacity,    10.67 MB ( 92%) used,   872.86 KB (  7%) free+waste,   122.81 KB (  1%) overhead. 
       Both:     84.50 MB capacity,    81.97 MB ( 97%) used,     2.16 MB (  3%) free+waste,   380.63 KB ( <1%) overhead. 

Virtual space:
  Non-class space:       74.00 MB reserved,      72.92 MB ( 99%) committed 
      Class space:      504.00 MB reserved,      11.66 MB (  2%) committed 
             Both:      578.00 MB reserved,      84.58 MB ( 15%) committed 

Chunk freelists:
   Non-Class:  1.25 KB
       Class:  1.25 KB
        Both:  2.50 KB

CodeHeap 'non-profiled nmethods': size=120064Kb used=5327Kb max_used=5386Kb free=114736Kb
 bounds [0x000002d16e1d0000, 0x000002d16e720000, 0x000002d175710000]
CodeHeap 'profiled nmethods': size=120000Kb used=19869Kb max_used=19980Kb free=100131Kb
 bounds [0x000002d166ca0000, 0x000002d168050000, 0x000002d16e1d0000]
CodeHeap 'non-nmethods': size=5696Kb used=2301Kb max_used=2335Kb free=3394Kb
 bounds [0x000002d166710000, 0x000002d166980000, 0x000002d166ca0000]
 total_blobs=12781 nmethods=8832 adapters=820
 compilation: enabled
              stopped_count=0, restarted_count=0
 full_count=0

Compilation events (10 events):
Event: 431.836 Thread 0x000002d17d19a000 nmethod 9574 0x000002d166eb9610 code [0x000002d166eb9980, 0x000002d166ebb050]
Event: 431.838 Thread 0x000002d17d19a000 9577       3       java.beans.PropertyDescriptor::isAssignable (148 bytes)
Event: 431.844 Thread 0x000002d17d19a000 nmethod 9577 0x000002d167478190 code [0x000002d167478900, 0x000002d16747d040]
Event: 431.844 Thread 0x000002d17d19a000 9579   !   3       java.beans.PropertyDescriptor::<init> (347 bytes)
Event: 431.846 Thread 0x000002d17c83b000 nmethod 9568 0x000002d16e23e790 code [0x000002d16e23ea00, 0x000002d16e23fc50]
Event: 431.847 Thread 0x000002d17c83b000 9573       4       java.beans.Introspector::addMethod (196 bytes)
Event: 431.852 Thread 0x000002d17d19a000 nmethod 9579 0x000002d16802bb10 code [0x000002d16802c440, 0x000002d1680329f0]
Event: 431.852 Thread 0x000002d17d19a000 9578       3       java.beans.Introspector::isAssignable (27 bytes)
Event: 431.852 Thread 0x000002d17d19a000 nmethod 9578 0x000002d166d10290 code [0x000002d166d10460, 0x000002d166d106d0]
Event: 432.458 Thread 0x000002d17d19a000 9581       3       java.net.InetSocketAddress::hashCode (8 bytes)

GC Heap History (10 events):
Event: 417.161 GC heap before
{Heap before GC invocations=25 (full 0):
 garbage-first heap   total 129024K, used 86215K [0x0000000080000000, 0x0000000100000000)
  region size 1024K, 17 young (17408K), 3 survivors (3072K)
 Metaspace       used 78796K, capacity 81271K, committed 81616K, reserved 587776K
  class space    used 10217K, capacity 11170K, committed 11296K, reserved 516096K
}
Event: 417.169 GC heap after
{Heap after GC invocations=26 (full 0):
 garbage-first heap   total 129024K, used 74533K [0x0000000080000000, 0x0000000100000000)
  region size 1024K, 5 young (5120K), 5 survivors (5120K)
 Metaspace       used 78796K, capacity 81271K, committed 81616K, reserved 587776K
  class space    used 10217K, capacity 11170K, committed 11296K, reserved 516096K
}
Event: 422.990 GC heap before
{Heap before GC invocations=27 (full 0):
 garbage-first heap   total 129024K, used 105253K [0x0000000080000000, 0x0000000100000000)
  region size 1024K, 33 young (33792K), 5 survivors (5120K)
 Metaspace       used 81053K, capacity 83489K, committed 83664K, reserved 589824K
  class space    used 10507K, capacity 11434K, committed 11552K, reserved 516096K
}
Event: 422.998 GC heap after
{Heap after GC invocations=28 (full 0):
 garbage-first heap   total 129024K, used 71498K [0x0000000080000000, 0x0000000100000000)
  region size 1024K, 2 young (2048K), 2 survivors (2048K)
 Metaspace       used 81053K, capacity 83489K, committed 83664K, reserved 589824K
  class space    used 10507K, capacity 11434K, committed 11552K, reserved 516096K
}
Event: 424.098 GC heap before
{Heap before GC invocations=28 (full 0):
 garbage-first heap   total 129024K, used 78666K [0x0000000080000000, 0x0000000100000000)
  region size 1024K, 9 young (9216K), 2 survivors (2048K)
 Metaspace       used 81737K, capacity 84176K, committed 84432K, reserved 589824K
  class space    used 10587K, capacity 11535K, committed 11552K, reserved 516096K
}
Event: 424.102 GC heap after
{Heap after GC invocations=29 (full 0):
 garbage-first heap   total 129024K, used 71455K [0x0000000080000000, 0x0000000100000000)
  region size 1024K, 1 young (1024K), 1 survivors (1024K)
 Metaspace       used 81737K, capacity 84176K, committed 84432K, reserved 589824K
  class space    used 10587K, capacity 11535K, committed 11552K, reserved 516096K
}
Event: 425.803 GC heap before
{Heap before GC invocations=30 (full 0):
 garbage-first heap   total 129024K, used 83743K [0x0000000080000000, 0x0000000100000000)
  region size 1024K, 14 young (14336K), 1 survivors (1024K)
 Metaspace       used 82790K, capacity 85239K, committed 85456K, reserved 589824K
  class space    used 10747K, capacity 11696K, committed 11808K, reserved 516096K
}
Event: 425.807 GC heap after
{Heap after GC invocations=31 (full 0):
 garbage-first heap   total 129024K, used 72135K [0x0000000080000000, 0x0000000100000000)
  region size 1024K, 2 young (2048K), 2 survivors (2048K)
 Metaspace       used 82790K, capacity 85239K, committed 85456K, reserved 589824K
  class space    used 10747K, capacity 11696K, committed 11808K, reserved 516096K
}
Event: 431.038 GC heap before
{Heap before GC invocations=32 (full 0):
 garbage-first heap   total 129024K, used 94663K [0x0000000080000000, 0x0000000100000000)
  region size 1024K, 23 young (23552K), 2 survivors (2048K)
 Metaspace       used 83712K, capacity 86200K, committed 86352K, reserved 591872K
  class space    used 10889K, capacity 11882K, committed 11936K, reserved 516096K
}
Event: 431.045 GC heap after
{Heap after GC invocations=33 (full 0):
 garbage-first heap   total 129024K, used 73397K [0x0000000080000000, 0x0000000100000000)
  region size 1024K, 3 young (3072K), 3 survivors (3072K)
 Metaspace       used 83712K, capacity 86200K, committed 86352K, reserved 591872K
  class space    used 10889K, capacity 11882K, committed 11936K, reserved 516096K
}

Deoptimization events (10 events):
Event: 425.014 Thread 0x000002d17de0e000 Uncommon trap: reason=unstable_if action=reinterpret pc=0x000002d16e3da6f4 method=org.objectweb.asm.Label.resolve([BI)Z @ 80 c2
Event: 425.049 Thread 0x000002d17de0e000 Uncommon trap: reason=unstable_if action=reinterpret pc=0x000002d16e6b84ec method=org.objectweb.asm.MethodWriter.computeMethodInfoSize()I @ 342 c2
Event: 425.052 Thread 0x000002d17de0e000 Uncommon trap: reason=unstable_if action=reinterpret pc=0x000002d16e6d459c method=org.objectweb.asm.MethodWriter.putMethodInfo(Lorg/objectweb/asm/ByteVector;)V @ 108 c2
Event: 426.631 Thread 0x000002d17de0e000 Uncommon trap: reason=unstable_if action=reinterpret pc=0x000002d16e253f58 method=java.lang.StringLatin1.canEncode(I)Z @ 4 c2
Event: 426.631 Thread 0x000002d17de0e000 Uncommon trap: reason=unstable_if action=reinterpret pc=0x000002d16e1fd638 method=java.lang.AbstractStringBuilder.isLatin1()Z @ 10 c2
Event: 426.631 Thread 0x000002d17de0e000 Uncommon trap: reason=unstable_if action=reinterpret pc=0x000002d16e2db5ec method=java.lang.AbstractStringBuilder.appendChars(Ljava/lang/CharSequence;II)V @ 43 c2
Event: 426.631 Thread 0x000002d17de0e000 Uncommon trap: reason=unstable_if action=reinterpret pc=0x000002d16e20adac method=java.lang.AbstractStringBuilder.putStringAt(ILjava/lang/String;)V @ 8 c2
Event: 426.632 Thread 0x000002d17de0e000 Uncommon trap: reason=unstable_if action=reinterpret pc=0x000002d16e520604 method=java.util.regex.Pattern.closure(Ljava/util/regex/Pattern$Node;)Ljava/util/regex/Pattern$Node; @ 79 c2
Event: 429.997 Thread 0x000002d17de0e000 Uncommon trap: reason=unstable_if action=reinterpret pc=0x000002d16e36d9f0 method=java.util.StringJoiner.add(Ljava/lang/CharSequence;)Ljava/util/StringJoiner; @ 33 c2
Event: 431.010 Thread 0x000002d17de0e000 Uncommon trap: reason=unstable_if action=reinterpret pc=0x000002d16e618a6c method=org.apache.commons.io.FilenameUtils.doNormalize(Ljava/lang/String;CZ)Ljava/lang/String; @ 226 c2

Classes redefined (0 events):
No events

Internal exceptions (10 events):
Event: 431.132 Thread 0x000002d17de0e000 Exception <a 'java/lang/ClassNotFoundException'{0x0000000087c2e458}: groovy/json/JsonOutputBeanInfo> (0x0000000087c2e458) thrown at [t:/workspace/open/src/hotspot/share/classfile/systemDictionary.cpp, line 231]
Event: 431.134 Thread 0x000002d17de0e000 Exception <a 'java/lang/ClassNotFoundException'{0x0000000087c51b48}: groovy/json/JsonOutputCustomizer> (0x0000000087c51b48) thrown at [t:/workspace/open/src/hotspot/share/classfile/systemDictionary.cpp, line 231]
Event: 431.821 Thread 0x000002d17de0e000 Exception <a 'java/lang/ClassNotFoundException'{0x0000000087ae8fb0}: com/android/build/gradle/LibraryExtension_DecoratedBeanInfo> (0x0000000087ae8fb0) thrown at [t:/workspace/open/src/hotspot/share/classfile/systemDictionary.cpp, line 231]
Event: 431.822 Thread 0x000002d17de0e000 Exception <a 'java/lang/ClassNotFoundException'{0x0000000087af92d8}: com/android/build/gradle/LibraryExtensionBeanInfo> (0x0000000087af92d8) thrown at [t:/workspace/open/src/hotspot/share/classfile/systemDictionary.cpp, line 231]
Event: 431.822 Thread 0x000002d17de0e000 Exception <a 'java/lang/ClassNotFoundException'{0x0000000087909d20}: com/android/build/gradle/TestedExtensionBeanInfo> (0x0000000087909d20) thrown at [t:/workspace/open/src/hotspot/share/classfile/systemDictionary.cpp, line 231]
Event: 431.823 Thread 0x000002d17de0e000 Exception <a 'java/lang/ClassNotFoundException'{0x000000008791a210}: com/android/build/gradle/BaseExtensionBeanInfo> (0x000000008791a210) thrown at [t:/workspace/open/src/hotspot/share/classfile/systemDictionary.cpp, line 231]
Event: 431.823 Thread 0x000002d17de0e000 Exception <a 'java/lang/ClassNotFoundException'{0x000000008792a748}: com/android/build/gradle/BaseExtensionCustomizer> (0x000000008792a748) thrown at [t:/workspace/open/src/hotspot/share/classfile/systemDictionary.cpp, line 231]
Event: 431.826 Thread 0x000002d17de0e000 Exception <a 'java/lang/ClassNotFoundException'{0x0000000087993f10}: com/android/build/gradle/TestedExtensionCustomizer> (0x0000000087993f10) thrown at [t:/workspace/open/src/hotspot/share/classfile/systemDictionary.cpp, line 231]
Event: 431.827 Thread 0x000002d17de0e000 Exception <a 'java/lang/ClassNotFoundException'{0x00000000879bece8}: com/android/build/gradle/LibraryExtensionCustomizer> (0x00000000879bece8) thrown at [t:/workspace/open/src/hotspot/share/classfile/systemDictionary.cpp, line 231]
Event: 431.833 Thread 0x000002d17de0e000 Exception <a 'java/lang/ClassNotFoundException'{0x000000008789a2d0}: com/android/build/gradle/LibraryExtension_DecoratedCustomizer> (0x000000008789a2d0) thrown at [t:/workspace/open/src/hotspot/share/classfile/systemDictionary.cpp, line 231]

Events (10 events):
Event: 432.083 Executing VM operation: RevokeBias done
Event: 432.087 Executing VM operation: BulkRevokeBias
Event: 432.089 Executing VM operation: BulkRevokeBias done
Event: 432.438 Executing VM operation: RevokeBias
Event: 432.438 Executing VM operation: RevokeBias done
Event: 432.438 Executing VM operation: RevokeBias
Event: 432.439 Executing VM operation: RevokeBias done
Event: 432.458 Executing VM operation: RevokeBias
Event: 432.561 Executing VM operation: RevokeBias done
Event: 432.561 Executing VM operation: RevokeBias


Dynamic libraries:
0x00007ff6f0380000 - 0x00007ff6f03c5000 	C:\Users\a\AppData\Local\jdk-11.0.2\bin\java.exe
0x00007fff1d350000 - 0x00007fff1d548000 	C:\WINDOWS\SYSTEM32\ntdll.dll
0x00007fff1bbb0000 - 0x00007fff1bc6d000 	C:\WINDOWS\System32\KERNEL32.DLL
0x00007fff1aff0000 - 0x00007fff1b2e6000 	C:\WINDOWS\System32\KERNELBASE.dll
0x00007fff1b9b0000 - 0x00007fff1bb4e000 	C:\WINDOWS\System32\USER32.dll
0x00007fff1afc0000 - 0x00007fff1afe2000 	C:\WINDOWS\System32\win32u.dll
0x00007fff1d0d0000 - 0x00007fff1d0fb000 	C:\WINDOWS\System32\GDI32.dll
0x00007fff1acf0000 - 0x00007fff1ae07000 	C:\WINDOWS\System32\gdi32full.dll
0x00007fff1abe0000 - 0x00007fff1ac7d000 	C:\WINDOWS\System32\msvcp_win.dll
0x00007fff1ae10000 - 0x00007fff1af10000 	C:\WINDOWS\System32\ucrtbase.dll
0x00007fff003a0000 - 0x00007fff0063a000 	C:\WINDOWS\WinSxS\amd64_microsoft.windows.common-controls_6595b64144ccf1df_6.0.19041.3636_none_60b6a03d71f818d5\COMCTL32.dll
0x00007fff1cee0000 - 0x00007fff1cf7e000 	C:\WINDOWS\System32\msvcrt.dll
0x00007fff1c760000 - 0x00007fff1c792000 	C:\WINDOWS\System32\IMM32.DLL
0x00007fff079d0000 - 0x00007fff079e6000 	C:\Users\a\AppData\Local\jdk-11.0.2\bin\vcruntime140.dll
0x00007ffedefb0000 - 0x00007ffedf05a000 	C:\Users\a\AppData\Local\jdk-11.0.2\bin\msvcp140.dll
0x00007ffedbdb0000 - 0x00007ffedc8d3000 	C:\Users\a\AppData\Local\jdk-11.0.2\bin\server\jvm.dll
0x00007fff1b900000 - 0x00007fff1b9b0000 	C:\WINDOWS\System32\ADVAPI32.dll
0x00007fff1bc70000 - 0x00007fff1bd10000 	C:\WINDOWS\System32\sechost.dll
0x00007fff1b400000 - 0x00007fff1b525000 	C:\WINDOWS\System32\RPCRT4.dll
0x00007fff1abb0000 - 0x00007fff1abd7000 	C:\WINDOWS\System32\bcrypt.dll
0x00007fff1cf80000 - 0x00007fff1cf88000 	C:\WINDOWS\System32\PSAPI.DLL
0x00007ffeb22d0000 - 0x00007ffeb22d9000 	C:\WINDOWS\SYSTEM32\WSOCK32.dll
0x00007fff1c7a0000 - 0x00007fff1c80b000 	C:\WINDOWS\System32\WS2_32.dll
0x00007fff04f90000 - 0x00007fff04fb7000 	C:\WINDOWS\SYSTEM32\WINMM.dll
0x00007fff153c0000 - 0x00007fff153ca000 	C:\WINDOWS\SYSTEM32\VERSION.dll
0x00007fff19230000 - 0x00007fff19242000 	C:\WINDOWS\SYSTEM32\kernel.appcore.dll
0x00007fff079b0000 - 0x00007fff079c1000 	C:\Users\a\AppData\Local\jdk-11.0.2\bin\verify.dll
0x00007fff15710000 - 0x00007fff158f4000 	C:\WINDOWS\SYSTEM32\DBGHELP.DLL
0x00007fff028d0000 - 0x00007fff02904000 	C:\WINDOWS\SYSTEM32\dbgcore.DLL
0x00007fff1b2f0000 - 0x00007fff1b372000 	C:\WINDOWS\System32\bcryptPrimitives.dll
0x00007ffee9ec0000 - 0x00007ffee9ee8000 	C:\Users\a\AppData\Local\jdk-11.0.2\bin\java.dll
0x00007ffeeb0b0000 - 0x00007ffeeb0c6000 	C:\Users\a\AppData\Local\jdk-11.0.2\bin\zip.dll
0x00007ffefc9b0000 - 0x00007ffefc9ba000 	C:\Users\a\AppData\Local\jdk-11.0.2\bin\jimage.dll
0x00007fff1bec0000 - 0x00007fff1c62b000 	C:\WINDOWS\System32\SHELL32.dll
0x00007fff15900000 - 0x00007fff1609e000 	C:\WINDOWS\SYSTEM32\windows.storage.dll
0x00007fff1b5a0000 - 0x00007fff1b8f3000 	C:\WINDOWS\System32\combase.dll
0x00007fff1a360000 - 0x00007fff1a38e000 	C:\WINDOWS\SYSTEM32\Wldp.dll
0x00007fff1d100000 - 0x00007fff1d1cd000 	C:\WINDOWS\System32\OLEAUT32.dll
0x00007fff1ce30000 - 0x00007fff1cedd000 	C:\WINDOWS\System32\SHCORE.dll
0x00007fff1bb50000 - 0x00007fff1bba5000 	C:\WINDOWS\System32\shlwapi.dll
0x00007fff1a930000 - 0x00007fff1a955000 	C:\WINDOWS\SYSTEM32\profapi.dll
0x00007ffee3ea0000 - 0x00007ffee3eb9000 	C:\Users\a\AppData\Local\jdk-11.0.2\bin\net.dll
0x00007fff0e000000 - 0x00007fff0e10a000 	C:\WINDOWS\SYSTEM32\WINHTTP.dll
0x00007fff01280000 - 0x00007fff0146c000 	C:\WINDOWS\SYSTEM32\urlmon.dll
0x00007fff00e80000 - 0x00007fff0113c000 	C:\WINDOWS\SYSTEM32\iertutil.dll
0x00007fff03450000 - 0x00007fff03478000 	C:\WINDOWS\SYSTEM32\srvcli.dll
0x00007fff19ef0000 - 0x00007fff19efc000 	C:\WINDOWS\SYSTEM32\netutils.dll
0x00007fff1a0c0000 - 0x00007fff1a12a000 	C:\WINDOWS\system32\mswsock.dll
0x00007ffee3d00000 - 0x00007ffee3d13000 	C:\Users\a\AppData\Local\jdk-11.0.2\bin\nio.dll
0x00007ffedd180000 - 0x00007ffedd1a7000 	C:\Users\a\.gradle\native\68d5fa5c4cc2d200863cafc0d521ce42e7d3e7ee720ec0a83991735586a16f82\windows-amd64\native-platform.dll
0x00007ffedf0c0000 - 0x00007ffedf204000 	C:\Users\a\.gradle\native\e376f236ea51e6404a007f0833ffe2c6e607c4080706a723a18a27aeea778392\windows-amd64\native-platform-file-events.dll
0x00007ffee9eb0000 - 0x00007ffee9eb9000 	C:\Users\a\AppData\Local\jdk-11.0.2\bin\management.dll
0x00007ffee3cf0000 - 0x00007ffee3cfc000 	C:\Users\a\AppData\Local\jdk-11.0.2\bin\management_ext.dll
0x00007fff1a2b0000 - 0x00007fff1a2c8000 	C:\WINDOWS\SYSTEM32\CRYPTSP.dll
0x00007fff199b0000 - 0x00007fff199e4000 	C:\WINDOWS\system32\rsaenh.dll
0x00007fff1a8f0000 - 0x00007fff1a91e000 	C:\WINDOWS\SYSTEM32\USERENV.dll
0x00007fff1a2d0000 - 0x00007fff1a2dc000 	C:\WINDOWS\SYSTEM32\CRYPTBASE.dll
0x00007fff19d90000 - 0x00007fff19dcb000 	C:\WINDOWS\SYSTEM32\IPHLPAPI.DLL
0x00007fff1b590000 - 0x00007fff1b598000 	C:\WINDOWS\System32\NSI.dll
0x00007fff0ec70000 - 0x00007fff0ec87000 	C:\WINDOWS\SYSTEM32\dhcpcsvc6.DLL
0x00007fff0ec50000 - 0x00007fff0ec6d000 	C:\WINDOWS\SYSTEM32\dhcpcsvc.DLL
0x00007fff19dd0000 - 0x00007fff19e9b000 	C:\WINDOWS\SYSTEM32\DNSAPI.dll

dbghelp: loaded successfully - version: 4.0.5 - missing functions: none
symbol engine: initialized successfully - sym options: 0x614 - pdb path: .;C:\Users\a\AppData\Local\jdk-11.0.2\bin;C:\WINDOWS\SYSTEM32;C:\WINDOWS\WinSxS\amd64_microsoft.windows.common-controls_6595b64144ccf1df_6.0.19041.3636_none_60b6a03d71f818d5;C:\Users\a\AppData\Local\jdk-11.0.2\bin\server;C:\Users\a\.gradle\native\68d5fa5c4cc2d200863cafc0d521ce42e7d3e7ee720ec0a83991735586a16f82\windows-amd64;C:\Users\a\.gradle\native\e376f236ea51e6404a007f0833ffe2c6e607c4080706a723a18a27aeea778392\windows-amd64

VM Arguments:
jvm_args: -XX:MaxMetaspaceSize=512m --add-opens=java.base/java.util=ALL-UNNAMED --add-opens=java.base/java.lang=ALL-UNNAMED --add-opens=java.base/java.lang.invoke=ALL-UNNAMED --add-opens=java.prefs/java.util.prefs=ALL-UNNAMED --add-opens=java.base/java.nio.charset=ALL-UNNAMED --add-opens=java.base/java.net=ALL-UNNAMED --add-opens=java.base/java.util.concurrent.atomic=ALL-UNNAMED -Xmx2048m -Dfile.encoding=windows-1252 -Duser.country=VN -Duser.language=vi -Duser.variant 
java_command: org.gradle.launcher.daemon.bootstrap.GradleDaemon 7.6
java_class_path (initial): C:\Users\a\.gradle\wrapper\dists\gradle-7.6-bin\9l9tetv7ltxvx3i8an4pb86ye\gradle-7.6\lib\gradle-launcher-7.6.jar
Launcher Type: SUN_STANDARD

[Global flags]
     intx CICompilerCount                          = 3                                         {product} {ergonomic}
   size_t CompressedClassSpaceSize                 = 528482304                                 {product} {ergonomic}
     uint ConcGCThreads                            = 1                                         {product} {ergonomic}
     uint G1ConcRefinementThreads                  = 4                                         {product} {ergonomic}
   size_t G1HeapRegionSize                         = 1048576                                   {product} {ergonomic}
    uintx GCDrainStackTargetSize                   = 64                                        {product} {ergonomic}
   size_t InitialHeapSize                          = 132120576                                 {product} {ergonomic}
   size_t MarkStackSize                            = 4194304                                   {product} {ergonomic}
   size_t MaxHeapSize                              = 2147483648                                {product} {command line}
   size_t MaxMetaspaceSize                         = 536870912                                 {product} {command line}
   size_t MaxNewSize                               = 1287651328                                {product} {ergonomic}
   size_t MinHeapDeltaBytes                        = 1048576                                   {product} {ergonomic}
    uintx NonNMethodCodeHeapSize                   = 5830092                                {pd product} {ergonomic}
    uintx NonProfiledCodeHeapSize                  = 122914074                              {pd product} {ergonomic}
    uintx ProfiledCodeHeapSize                     = 122914074                              {pd product} {ergonomic}
    uintx ReservedCodeCacheSize                    = 251658240                              {pd product} {ergonomic}
     bool SegmentedCodeCache                       = true                                      {product} {ergonomic}
     bool UseCompressedClassPointers               = true                                 {lp64_product} {ergonomic}
     bool UseCompressedOops                        = true                                 {lp64_product} {ergonomic}
     bool UseG1GC                                  = true                                      {product} {ergonomic}
     bool UseLargePagesIndividualAllocation        = false                                  {pd product} {ergonomic}

Logging:
Log output configuration:
 #0: stdout all=warning uptime,level,tags
 #1: stderr all=off uptime,level,tags

Environment Variables:
JAVA_HOME=C:\Users\a\AppData\Local\jdk-11.0.2
CLASSPATH=E:\RN\attendent-kit\mobile\android\\gradle\wrapper\gradle-wrapper.jar
PATH=E:\RN\attendent-kit\mobile\node_modules\.bin;E:\RN\attendent-kit\mobile\node_modules\.bin;E:\RN\attendent-kit\node_modules\.bin;E:\RN\node_modules\.bin;E:\node_modules\.bin;C:\Program Files\nodejs\node_modules\npm\node_modules\@npmcli\run-script\lib\node-gyp-bin;C:\Users\a\AppData\Local\Temp\yarn--1711954676980-0.06908503524569043;E:\RN\attendent-kit\mobile\node_modules\.bin;C:\Users\a\AppData\Local\Yarn\Data\link\node_modules\.bin;C:\Users\a\AppData\Local\Yarn\bin;C:\Program Files\libexec\lib\node_modules\npm\bin\node-gyp-bin;C:\Program Files\lib\node_modules\npm\bin\node-gyp-bin;C:\Program Files\nodejs\node_modules\npm\bin\node-gyp-bin;C:\Program Files\apache-maven-3.8.5\bin;C:\WINDOWS\system32;C:\WINDOWS;C:\WINDOWS\System32\Wbem;C:\WINDOWS\System32\WindowsPowerShell\v1.0\;C:\WINDOWS\System32\OpenSSH\;C:\Program Files (x86)\mingw-w64\i686-8.1.0-posix-dwarf-rt_v6-rev0\mingw32\bin;C:\Program Files (x86)\Microsoft SQL Server\100\Tools\Binn\;C:\Program Files\Microsoft SQL Server\100\Tools\Binn\;C:\Program Files\Microsoft SQL Server\100\DTS\Binn\;C:\Program Files (x86)\Microsoft SQL Server\100\Tools\Binn\VSShell\Common7\IDE\;C:\Program Files (x86)\Microsoft Visual Studio 9.0\Common7\IDE\PrivateAssemblies\;C:\Program Files (x86)\Microsoft SQL Server\100\DTS\Binn\;C:\Program Files\Git\cmd;C:\ProgramData\ComposerSetup\bin;C:\Program Files\nodejs\;C:\Users\a\Downloads\platform-tools;C:\Users\a\AppData\Local\Android\Sdk\platform-tools;C:\Users\a\AppData\Local\jdk-11.0.2\bin;C:\Users\a\AppData\Local\Android\Sdk\tools;C:\Users\a\AppData\Local\jdk-11.0.2\bin;C:\Users\a\AppData\Local\Microsoft\WindowsApps;C:\Users\a\AppData\Local\Programs\Microsoft VS Code\bin;C:\xampp\php;C:\Users\a\composer;C:\Users\a\AppData\Roaming\Composer\vendor\bin;C:\Program Files\JetBrains\IntelliJ IDEA Community Edition 2022.1\bin;;C:\Users\a\AppData\Roaming\npm;
USERNAME=a
OS=Windows_NT
PROCESSOR_IDENTIFIER=Intel64 Family 6 Model 142 Stepping 10, GenuineIntel



---------------  S Y S T E M  ---------------

OS: Windows 10 , 64 bit Build 19041 (10.0.19041.3636)

CPU:total 4 (initial active 4) (2 cores per cpu, 2 threads per core) family 6 model 142 stepping 10, cmov, cx8, fxsr, mmx, sse, sse2, sse3, ssse3, sse4.1, sse4.2, popcnt, avx, avx2, aes, clmul, erms, 3dnowpref, lzcnt, ht, tsc, tscinvbit, bmi1, bmi2, adx, fma

Memory: 4k page, system-wide physical 8063M (294M free)
TotalPageFile size 20616M (AvailPageFile size 5M)
current process WorkingSet (physical memory assigned to process): 283M, peak: 289M
current process commit charge ("private bytes"): 385M, peak: 387M

vm_info: OpenJDK 64-Bit Server VM (11.0.2+9) for windows-amd64 JRE (11.0.2+9), built on Jan 18 2019 05:23:22 by "mach5one" with MS VC++ 15.5 (VS2017)

END.
