#
# There is insufficient memory for the Java Runtime Environment to continue.
# Native memory allocation (malloc) failed to allocate 173936 bytes for Chunk::new
# Possible reasons:
#   The system is out of physical RAM or swap space
#   The process is running with CompressedOops enabled, and the Java Heap may be blocking the growth of the native heap
# Possible solutions:
#   Reduce memory load on the system
#   Increase physical memory or swap space
#   Check if swap backing store is full
#   Decrease Java heap size (-Xmx/-Xms)
#   Decrease number of Java threads
#   Decrease Java thread stack sizes (-Xss)
#   Set larger code cache with -XX:ReservedCodeCacheSize=
#   JVM is running with Unscaled Compressed Oops mode in which the Java heap is
#     placed in the first 4GB address space. The Java Heap base address is the
#     maximum limit for the native heap growth. Please use -XX:HeapBaseMinAddress
#     to set the Java Heap base and to place the Java Heap above 4GB virtual address.
# This output file may be truncated or incomplete.
#
#  Out of Memory Error (t:/workspace/open/src/hotspot/share/memory/arena.cpp:197), pid=16692, tid=11076
#
# JRE version: OpenJDK Runtime Environment (11.0.2+9) (build 11.0.2+9)
# Java VM: OpenJDK 64-Bit Server VM (11.0.2+9, mixed mode, tiered, compressed oops, g1 gc, windows-amd64)
# No core dump will be written. Minidumps are not enabled by default on client versions of Windows
#

---------------  S U M M A R Y ------------

Command Line: -Xmx64m -Xms64m -Dorg.gradle.appname=gradlew org.gradle.wrapper.GradleWrapperMain app:installDebug -PreactNativeDevServerPort=8081

Host: Intel(R) Core(TM) i3-8130U CPU @ 2.20GHz, 4 cores, 7G,  Windows 10 , 64 bit Build 19041 (10.0.19041.3636)
Time: Fri Apr  5 14:53:50 2024 SE Asia Standard Time elapsed time: 187 seconds (0d 0h 3m 7s)

---------------  T H R E A D  ---------------

Current thread (0x000002737e0d7800):  JavaThread "C2 CompilerThread0" daemon [_thread_in_native, id=11076, stack(0x000000b2d9c00000,0x000000b2d9d00000)]


Current CompileTask:
C2: 187512 1573   !   4       sun.nio.ch.WindowsSelectorImpl$SubSelector::processFDSet (177 bytes)

Stack: [0x000000b2d9c00000,0x000000b2d9d00000]
Native frames: (J=compiled Java code, j=interpreted, Vv=VM code, C=native code)
V  [jvm.dll+0x63489a]
V  [jvm.dll+0x771f9f]
V  [jvm.dll+0x773648]
V  [jvm.dll+0x773d03]
V  [jvm.dll+0x25eba8]
V  [jvm.dll+0xc2191]
V  [jvm.dll+0xc271c]
V  [jvm.dll+0x2cf964]
V  [jvm.dll+0x55129f]
V  [jvm.dll+0x21a5c9]
V  [jvm.dll+0x217a46]
V  [jvm.dll+0x194370]
V  [jvm.dll+0x226b3f]
V  [jvm.dll+0x225148]
V  [jvm.dll+0x73774d]
V  [jvm.dll+0x633942]
C  [ucrtbase.dll+0x21bb2]
C  [KERNEL32.DLL+0x17344]
C  [ntdll.dll+0x526b1]


---------------  P R O C E S S  ---------------

Threads class SMR info:
_java_thread_list=0x000002737f2a3510, length=13, elements={
0x0000027372eb6000, 0x000002737e073800, 0x000002737e064800, 0x000002737e0d4800,
0x000002737e0d6800, 0x000002737e0d7800, 0x000002737e0d9000, 0x000002737e230800,
0x000002737e32e000, 0x000002737e33c000, 0x000002737f29f800, 0x000002737eede000,
0x000002737f2cb800
}

Java Threads: ( => current thread )
  0x0000027372eb6000 JavaThread "main" [_thread_in_native, id=12152, stack(0x000000b2d9100000,0x000000b2d9200000)]
  0x000002737e073800 JavaThread "Reference Handler" daemon [_thread_blocked, id=16428, stack(0x000000b2d9800000,0x000000b2d9900000)]
  0x000002737e064800 JavaThread "Finalizer" daemon [_thread_blocked, id=16872, stack(0x000000b2d9900000,0x000000b2d9a00000)]
  0x000002737e0d4800 JavaThread "Signal Dispatcher" daemon [_thread_blocked, id=17648, stack(0x000000b2d9a00000,0x000000b2d9b00000)]
  0x000002737e0d6800 JavaThread "Attach Listener" daemon [_thread_blocked, id=16312, stack(0x000000b2d9b00000,0x000000b2d9c00000)]
=>0x000002737e0d7800 JavaThread "C2 CompilerThread0" daemon [_thread_in_native, id=11076, stack(0x000000b2d9c00000,0x000000b2d9d00000)]
  0x000002737e0d9000 JavaThread "C1 CompilerThread0" daemon [_thread_blocked, id=6356, stack(0x000000b2d9d00000,0x000000b2d9e00000)]
  0x000002737e230800 JavaThread "Sweeper thread" daemon [_thread_blocked, id=3700, stack(0x000000b2d9e00000,0x000000b2d9f00000)]
  0x000002737e32e000 JavaThread "Service Thread" daemon [_thread_blocked, id=11628, stack(0x000000b2d9f00000,0x000000b2da000000)]
  0x000002737e33c000 JavaThread "Common-Cleaner" daemon [_thread_blocked, id=15500, stack(0x000000b2da100000,0x000000b2da200000)]
  0x000002737f29f800 JavaThread "pool-1-thread-1" [_thread_blocked, id=11700, stack(0x000000b2da400000,0x000000b2da500000)]
  0x000002737eede000 JavaThread "DisconnectableInputStream source reader" daemon [_thread_in_native, id=12512, stack(0x000000b2da500000,0x000000b2da600000)]
  0x000002737f2cb800 JavaThread "Forward input" [_thread_blocked, id=2856, stack(0x000000b2da600000,0x000000b2da700000)]

Other Threads:
  0x000002737e03f800 VMThread "VM Thread" [stack: 0x000000b2d9700000,0x000000b2d9800000] [id=4020]
  0x000002737e331000 WatcherThread [stack: 0x000000b2da000000,0x000000b2da100000] [id=7088]
  0x0000027372ecd000 GCTaskThread "GC Thread#0" [stack: 0x000000b2d9200000,0x000000b2d9300000] [id=17808]
  0x000002737ea13800 GCTaskThread "GC Thread#1" [stack: 0x000000b2da200000,0x000000b2da300000] [id=12536]
  0x0000027372ed2800 ConcurrentGCThread "G1 Main Marker" [stack: 0x000000b2d9300000,0x000000b2d9400000] [id=4920]
  0x0000027372ed4800 ConcurrentGCThread "G1 Conc#0" [stack: 0x000000b2d9400000,0x000000b2d9500000] [id=14448]
  0x0000027372f26800 ConcurrentGCThread "G1 Refine#0" [stack: 0x000000b2d9500000,0x000000b2d9600000] [id=9992]
  0x0000027372f27800 ConcurrentGCThread "G1 Young RemSet Sampling" [stack: 0x000000b2d9600000,0x000000b2d9700000] [id=10632]

Threads with active compile tasks:
C2 CompilerThread01573   !   4       sun.nio.ch.WindowsSelectorImpl$SubSelector::processFDSet (177 bytes)

VM state:not at safepoint (normal execution)

VM Mutex/Monitor currently owned by a thread: None

Heap address: 0x00000000fc000000, size: 64 MB, Compressed Oops mode: 32-bit
Narrow klass base: 0x0000000000000000, Narrow klass shift: 3
Compressed class space size: 1073741824 Address: 0x0000000100000000

Heap:
 garbage-first heap   total 65536K, used 29065K [0x00000000fc000000, 0x0000000100000000)
  region size 1024K, 22 young (22528K), 2 survivors (2048K)
 Metaspace       used 15824K, capacity 16211K, committed 16384K, reserved 1062912K
  class space    used 1802K, capacity 1937K, committed 2048K, reserved 1048576K
Heap Regions: E=young(eden), S=young(survivor), O=old, HS=humongous(starts), HC=humongous(continues), CS=collection set, F=free, A=archive, TAMS=top-at-mark-start (previous, next)
|   0|0x00000000fc000000, 0x00000000fc100000, 0x00000000fc100000|100%| O|  |TAMS 0x00000000fc000000, 0x00000000fc000000| Untracked 
|   1|0x00000000fc100000, 0x00000000fc200000, 0x00000000fc200000|100%| O|  |TAMS 0x00000000fc100000, 0x00000000fc100000| Untracked 
|   2|0x00000000fc200000, 0x00000000fc300000, 0x00000000fc300000|100%|HS|  |TAMS 0x00000000fc200000, 0x00000000fc200000| Complete 
|   3|0x00000000fc300000, 0x00000000fc400000, 0x00000000fc400000|100%|HC|  |TAMS 0x00000000fc300000, 0x00000000fc300000| Complete 
|   4|0x00000000fc400000, 0x00000000fc500000, 0x00000000fc500000|100%|HC|  |TAMS 0x00000000fc400000, 0x00000000fc400000| Complete 
|   5|0x00000000fc500000, 0x00000000fc600000, 0x00000000fc600000|100%| O|  |TAMS 0x00000000fc500000, 0x00000000fc500000| Untracked 
|   6|0x00000000fc600000, 0x00000000fc700000, 0x00000000fc700000|100%| O|  |TAMS 0x00000000fc600000, 0x00000000fc600000| Untracked 
|   7|0x00000000fc700000, 0x00000000fc762600, 0x00000000fc800000| 38%| O|  |TAMS 0x00000000fc700000, 0x00000000fc700000| Untracked 
|   8|0x00000000fc800000, 0x00000000fc800000, 0x00000000fc900000|  0%| F|  |TAMS 0x00000000fc800000, 0x00000000fc800000| Untracked 
|   9|0x00000000fc900000, 0x00000000fc900000, 0x00000000fca00000|  0%| F|  |TAMS 0x00000000fc900000, 0x00000000fc900000| Untracked 
|  10|0x00000000fca00000, 0x00000000fca00000, 0x00000000fcb00000|  0%| F|  |TAMS 0x00000000fca00000, 0x00000000fca00000| Untracked 
|  11|0x00000000fcb00000, 0x00000000fcb00000, 0x00000000fcc00000|  0%| F|  |TAMS 0x00000000fcb00000, 0x00000000fcb00000| Untracked 
|  12|0x00000000fcc00000, 0x00000000fcc00000, 0x00000000fcd00000|  0%| F|  |TAMS 0x00000000fcc00000, 0x00000000fcc00000| Untracked 
|  13|0x00000000fcd00000, 0x00000000fcd00000, 0x00000000fce00000|  0%| F|  |TAMS 0x00000000fcd00000, 0x00000000fcd00000| Untracked 
|  14|0x00000000fce00000, 0x00000000fce00000, 0x00000000fcf00000|  0%| F|  |TAMS 0x00000000fce00000, 0x00000000fce00000| Untracked 
|  15|0x00000000fcf00000, 0x00000000fcf00000, 0x00000000fd000000|  0%| F|  |TAMS 0x00000000fcf00000, 0x00000000fcf00000| Untracked 
|  16|0x00000000fd000000, 0x00000000fd000000, 0x00000000fd100000|  0%| F|  |TAMS 0x00000000fd000000, 0x00000000fd000000| Untracked 
|  17|0x00000000fd100000, 0x00000000fd100000, 0x00000000fd200000|  0%| F|  |TAMS 0x00000000fd100000, 0x00000000fd100000| Untracked 
|  18|0x00000000fd200000, 0x00000000fd200000, 0x00000000fd300000|  0%| F|  |TAMS 0x00000000fd200000, 0x00000000fd200000| Untracked 
|  19|0x00000000fd300000, 0x00000000fd300000, 0x00000000fd400000|  0%| F|  |TAMS 0x00000000fd300000, 0x00000000fd300000| Untracked 
|  20|0x00000000fd400000, 0x00000000fd400000, 0x00000000fd500000|  0%| F|  |TAMS 0x00000000fd400000, 0x00000000fd400000| Untracked 
|  21|0x00000000fd500000, 0x00000000fd500000, 0x00000000fd600000|  0%| F|  |TAMS 0x00000000fd500000, 0x00000000fd500000| Untracked 
|  22|0x00000000fd600000, 0x00000000fd600000, 0x00000000fd700000|  0%| F|  |TAMS 0x00000000fd600000, 0x00000000fd600000| Untracked 
|  23|0x00000000fd700000, 0x00000000fd700000, 0x00000000fd800000|  0%| F|  |TAMS 0x00000000fd700000, 0x00000000fd700000| Untracked 
|  24|0x00000000fd800000, 0x00000000fd800000, 0x00000000fd900000|  0%| F|  |TAMS 0x00000000fd800000, 0x00000000fd800000| Untracked 
|  25|0x00000000fd900000, 0x00000000fd900000, 0x00000000fda00000|  0%| F|  |TAMS 0x00000000fd900000, 0x00000000fd900000| Untracked 
|  26|0x00000000fda00000, 0x00000000fda00000, 0x00000000fdb00000|  0%| F|  |TAMS 0x00000000fda00000, 0x00000000fda00000| Untracked 
|  27|0x00000000fdb00000, 0x00000000fdb00000, 0x00000000fdc00000|  0%| F|  |TAMS 0x00000000fdb00000, 0x00000000fdb00000| Untracked 
|  28|0x00000000fdc00000, 0x00000000fdc00000, 0x00000000fdd00000|  0%| F|  |TAMS 0x00000000fdc00000, 0x00000000fdc00000| Untracked 
|  29|0x00000000fdd00000, 0x00000000fdd00000, 0x00000000fde00000|  0%| F|  |TAMS 0x00000000fdd00000, 0x00000000fdd00000| Untracked 
|  30|0x00000000fde00000, 0x00000000fde00000, 0x00000000fdf00000|  0%| F|  |TAMS 0x00000000fde00000, 0x00000000fde00000| Untracked 
|  31|0x00000000fdf00000, 0x00000000fdf00000, 0x00000000fe000000|  0%| F|  |TAMS 0x00000000fdf00000, 0x00000000fdf00000| Untracked 
|  32|0x00000000fe000000, 0x00000000fe000000, 0x00000000fe100000|  0%| F|  |TAMS 0x00000000fe000000, 0x00000000fe000000| Untracked 
|  33|0x00000000fe100000, 0x00000000fe100000, 0x00000000fe200000|  0%| F|  |TAMS 0x00000000fe100000, 0x00000000fe100000| Untracked 
|  34|0x00000000fe200000, 0x00000000fe200000, 0x00000000fe300000|  0%| F|  |TAMS 0x00000000fe200000, 0x00000000fe200000| Untracked 
|  35|0x00000000fe300000, 0x00000000fe300000, 0x00000000fe400000|  0%| F|  |TAMS 0x00000000fe300000, 0x00000000fe300000| Untracked 
|  36|0x00000000fe400000, 0x00000000fe400000, 0x00000000fe500000|  0%| F|  |TAMS 0x00000000fe400000, 0x00000000fe400000| Untracked 
|  37|0x00000000fe500000, 0x00000000fe500000, 0x00000000fe600000|  0%| F|  |TAMS 0x00000000fe500000, 0x00000000fe500000| Untracked 
|  38|0x00000000fe600000, 0x00000000fe600000, 0x00000000fe700000|  0%| F|  |TAMS 0x00000000fe600000, 0x00000000fe600000| Untracked 
|  39|0x00000000fe700000, 0x00000000fe700000, 0x00000000fe800000|  0%| F|  |TAMS 0x00000000fe700000, 0x00000000fe700000| Untracked 
|  40|0x00000000fe800000, 0x00000000fe800000, 0x00000000fe900000|  0%| F|  |TAMS 0x00000000fe800000, 0x00000000fe800000| Untracked 
|  41|0x00000000fe900000, 0x00000000fe900000, 0x00000000fea00000|  0%| F|  |TAMS 0x00000000fe900000, 0x00000000fe900000| Untracked 
|  42|0x00000000fea00000, 0x00000000fea3df90, 0x00000000feb00000| 24%| E|  |TAMS 0x00000000fea00000, 0x00000000fea00000| Complete 
|  43|0x00000000feb00000, 0x00000000fec00000, 0x00000000fec00000|100%| E|CS|TAMS 0x00000000feb00000, 0x00000000feb00000| Complete 
|  44|0x00000000fec00000, 0x00000000fed00000, 0x00000000fed00000|100%| E|CS|TAMS 0x00000000fec00000, 0x00000000fec00000| Complete 
|  45|0x00000000fed00000, 0x00000000fee00000, 0x00000000fee00000|100%| E|CS|TAMS 0x00000000fed00000, 0x00000000fed00000| Complete 
|  46|0x00000000fee00000, 0x00000000fef00000, 0x00000000fef00000|100%| E|CS|TAMS 0x00000000fee00000, 0x00000000fee00000| Complete 
|  47|0x00000000fef00000, 0x00000000ff000000, 0x00000000ff000000|100%| E|CS|TAMS 0x00000000fef00000, 0x00000000fef00000| Complete 
|  48|0x00000000ff000000, 0x00000000ff100000, 0x00000000ff100000|100%| E|CS|TAMS 0x00000000ff000000, 0x00000000ff000000| Complete 
|  49|0x00000000ff100000, 0x00000000ff200000, 0x00000000ff200000|100%| E|CS|TAMS 0x00000000ff100000, 0x00000000ff100000| Complete 
|  50|0x00000000ff200000, 0x00000000ff300000, 0x00000000ff300000|100%| E|CS|TAMS 0x00000000ff200000, 0x00000000ff200000| Complete 
|  51|0x00000000ff300000, 0x00000000ff400000, 0x00000000ff400000|100%| S|CS|TAMS 0x00000000ff300000, 0x00000000ff300000| Complete 
|  52|0x00000000ff400000, 0x00000000ff500000, 0x00000000ff500000|100%| S|CS|TAMS 0x00000000ff400000, 0x00000000ff400000| Complete 
|  53|0x00000000ff500000, 0x00000000ff600000, 0x00000000ff600000|100%| E|CS|TAMS 0x00000000ff500000, 0x00000000ff500000| Complete 
|  54|0x00000000ff600000, 0x00000000ff700000, 0x00000000ff700000|100%| E|CS|TAMS 0x00000000ff600000, 0x00000000ff600000| Complete 
|  55|0x00000000ff700000, 0x00000000ff800000, 0x00000000ff800000|100%| E|CS|TAMS 0x00000000ff700000, 0x00000000ff700000| Complete 
|  56|0x00000000ff800000, 0x00000000ff900000, 0x00000000ff900000|100%| E|CS|TAMS 0x00000000ff800000, 0x00000000ff800000| Complete 
|  57|0x00000000ff900000, 0x00000000ffa00000, 0x00000000ffa00000|100%| E|CS|TAMS 0x00000000ff900000, 0x00000000ff900000| Complete 
|  58|0x00000000ffa00000, 0x00000000ffb00000, 0x00000000ffb00000|100%| E|CS|TAMS 0x00000000ffa00000, 0x00000000ffa00000| Complete 
|  59|0x00000000ffb00000, 0x00000000ffc00000, 0x00000000ffc00000|100%| E|CS|TAMS 0x00000000ffb00000, 0x00000000ffb00000| Complete 
|  60|0x00000000ffc00000, 0x00000000ffd00000, 0x00000000ffd00000|100%| E|CS|TAMS 0x00000000ffc00000, 0x00000000ffc00000| Complete 
|  61|0x00000000ffd00000, 0x00000000ffe00000, 0x00000000ffe00000|100%| E|CS|TAMS 0x00000000ffd00000, 0x00000000ffd00000| Complete 
|  62|0x00000000ffe00000, 0x00000000fff00000, 0x00000000fff00000|100%| E|CS|TAMS 0x00000000ffe00000, 0x00000000ffe00000| Complete 
|  63|0x00000000fff00000, 0x0000000100000000, 0x0000000100000000|100%| E|CS|TAMS 0x00000000fff00000, 0x00000000fff00000| Complete 

Card table byte_map: [0x0000027372620000,0x0000027372640000] _byte_map_base: 0x0000027371e40000

Marking Bits (Prev, Next): (CMBitMap*) 0x0000027372ed16d8, (CMBitMap*) 0x0000027372ed1710
 Prev Bits: [0x0000027372ca0000, 0x0000027372da0000)
 Next Bits: [0x000002737b1c0000, 0x000002737b2c0000)

Polling page: 0x0000027370c60000

Metaspace:

Usage:
  Non-class:     13.94 MB capacity,    13.69 MB ( 98%) used,   229.83 KB (  2%) free+waste,    22.31 KB ( <1%) overhead. 
      Class:      1.89 MB capacity,     1.76 MB ( 93%) used,   123.41 KB (  6%) free+waste,    10.81 KB ( <1%) overhead. 
       Both:     15.83 MB capacity,    15.45 MB ( 98%) used,   353.24 KB (  2%) free+waste,    33.13 KB ( <1%) overhead. 

Virtual space:
  Non-class space:       14.00 MB reserved,      14.00 MB (100%) committed 
      Class space:        1.00 GB reserved,       2.00 MB ( <1%) committed 
             Both:        1.01 GB reserved,      16.00 MB (  2%) committed 

Chunk freelists:
   Non-Class:  7.75 KB
       Class:  1.88 KB
        Both:  9.63 KB

CodeHeap 'non-profiled nmethods': size=120064Kb used=525Kb max_used=525Kb free=119538Kb
 bounds [0x0000027307ac0000, 0x0000027307d30000, 0x000002730f000000]
CodeHeap 'profiled nmethods': size=120000Kb used=2742Kb max_used=2835Kb free=117257Kb
 bounds [0x0000027300590000, 0x0000027300860000, 0x0000027307ac0000]
CodeHeap 'non-nmethods': size=5696Kb used=1105Kb max_used=1120Kb free=4590Kb
 bounds [0x0000027300000000, 0x0000027300270000, 0x0000027300590000]
 total_blobs=2352 nmethods=1404 adapters=332
 compilation: enabled
              stopped_count=0, restarted_count=0
 full_count=0

Compilation events (10 events):
Event: 185.895 Thread 0x000002737e0d7800 nmethod 1568 0x0000027307af7e90 code [0x0000027307af8040, 0x0000027307af8118]
Event: 187.051 Thread 0x000002737e0d7800 1569       4       java.util.ArrayDeque::pollFirst (36 bytes)
Event: 187.052 Thread 0x000002737e0d7800 nmethod 1569 0x0000027307af7a10 code [0x0000027307af7ba0, 0x0000027307af7cb8]
Event: 187.446 Thread 0x000002737e0d9000 1570       1       org.gradle.internal.logging.text.AbstractStyledTextOutput::doStyleChange (1 bytes)
Event: 187.446 Thread 0x000002737e0d9000 nmethod 1570 0x0000027307b1a910 code [0x0000027307b1aac0, 0x0000027307b1abd8]
Event: 187.446 Thread 0x000002737e0d7800 1571       4       java.nio.ByteBuffer::position (8 bytes)
Event: 187.447 Thread 0x000002737e0d7800 nmethod 1571 0x0000027307b1f710 code [0x0000027307b1f8a0, 0x0000027307b1f978]
Event: 187.501 Thread 0x000002737e0d9000 1572       1       java.util.HashMap::afterNodeRemoval (1 bytes)
Event: 187.502 Thread 0x000002737e0d9000 nmethod 1572 0x0000027307b43890 code [0x0000027307b43a40, 0x0000027307b43b58]
Event: 187.502 Thread 0x000002737e0d7800 1573   !   4       sun.nio.ch.WindowsSelectorImpl$SubSelector::processFDSet (177 bytes)

GC Heap History (4 events):
Event: 1.191 GC heap before
{Heap before GC invocations=0 (full 0):
 garbage-first heap   total 65536K, used 13312K [0x00000000fc000000, 0x0000000100000000)
  region size 1024K, 14 young (14336K), 0 survivors (0K)
 Metaspace       used 7754K, capacity 7889K, committed 7936K, reserved 1056768K
  class space    used 701K, capacity 754K, committed 768K, reserved 1048576K
}
Event: 1.211 GC heap after
{Heap after GC invocations=1 (full 0):
 garbage-first heap   total 65536K, used 3639K [0x00000000fc000000, 0x0000000100000000)
  region size 1024K, 2 young (2048K), 2 survivors (2048K)
 Metaspace       used 7754K, capacity 7889K, committed 7936K, reserved 1056768K
  class space    used 701K, capacity 754K, committed 768K, reserved 1048576K
}
Event: 2.089 GC heap before
{Heap before GC invocations=1 (full 0):
 garbage-first heap   total 65536K, used 17975K [0x00000000fc000000, 0x0000000100000000)
  region size 1024K, 13 young (13312K), 2 survivors (2048K)
 Metaspace       used 10718K, capacity 10966K, committed 11264K, reserved 1058816K
  class space    used 1120K, capacity 1208K, committed 1280K, reserved 1048576K
}
Event: 2.096 GC heap after
{Heap after GC invocations=2 (full 0):
 garbage-first heap   total 65536K, used 9609K [0x00000000fc000000, 0x0000000100000000)
  region size 1024K, 2 young (2048K), 2 survivors (2048K)
 Metaspace       used 10718K, capacity 10966K, committed 11264K, reserved 1058816K
  class space    used 1120K, capacity 1208K, committed 1280K, reserved 1048576K
}

Deoptimization events (10 events):
Event: 2.297 Thread 0x0000027372eb6000 Uncommon trap: reason=unstable_if action=reinterpret pc=0x0000027307af6620 method=java.util.HashMap.getNode(ILjava/lang/Object;)Ljava/util/HashMap$Node; @ 62 c2
Event: 2.623 Thread 0x0000027372eb6000 Uncommon trap: reason=bimorphic_or_optimized_type_check action=maybe_recompile pc=0x0000027307b1fe34 method=java.util.concurrent.ConcurrentHashMap.get(Ljava/lang/Object;)Ljava/lang/Object; @ 149 c2
Event: 2.623 Thread 0x0000027372eb6000 Uncommon trap: reason=bimorphic_or_optimized_type_check action=maybe_recompile pc=0x0000027307b1fe34 method=java.util.concurrent.ConcurrentHashMap.get(Ljava/lang/Object;)Ljava/lang/Object; @ 149 c2
Event: 2.623 Thread 0x0000027372eb6000 Uncommon trap: reason=bimorphic_or_optimized_type_check action=maybe_recompile pc=0x0000027307b1fe34 method=java.util.concurrent.ConcurrentHashMap.get(Ljava/lang/Object;)Ljava/lang/Object; @ 149 c2
Event: 2.624 Thread 0x0000027372eb6000 Uncommon trap: reason=bimorphic_or_optimized_type_check action=maybe_recompile pc=0x0000027307b1fe34 method=java.util.concurrent.ConcurrentHashMap.get(Ljava/lang/Object;)Ljava/lang/Object; @ 149 c2
Event: 2.724 Thread 0x0000027372eb6000 Uncommon trap: reason=unstable_if action=reinterpret pc=0x0000027307b1a974 method=java.util.HashMap.getNode(ILjava/lang/Object;)Ljava/util/HashMap$Node; @ 129 c2
Event: 5.304 Thread 0x0000027372eb6000 Uncommon trap: reason=unstable_if action=reinterpret pc=0x0000027307af8108 method=java.lang.AbstractStringBuilder.append(Ljava/lang/String;)Ljava/lang/AbstractStringBuilder; @ 1 c2
Event: 5.304 Thread 0x0000027372eb6000 Uncommon trap: reason=unstable_if action=reinterpret pc=0x0000027307af57f0 method=java.lang.AbstractStringBuilder.append(Ljava/lang/String;)Ljava/lang/AbstractStringBuilder; @ 1 c2
Event: 132.387 Thread 0x000002737f29f800 Uncommon trap: reason=unstable_if action=reinterpret pc=0x0000027307b02244 method=org.gradle.internal.logging.text.AbstractLineChoppingStyledTextOutput$2.execute(Lorg/gradle/internal/logging/text/AbstractLineChoppingStyledTextOutput$StateContext;)V @ 34 c
Event: 132.388 Thread 0x000002737f29f800 Uncommon trap: reason=unstable_if action=reinterpret pc=0x0000027307b0b8b0 method=org.gradle.internal.logging.text.AbstractLineChoppingStyledTextOutput$2.execute(Lorg/gradle/internal/logging/text/AbstractLineChoppingStyledTextOutput$StateContext;)V @ 34 c

Classes redefined (0 events):
No events

Internal exceptions (10 events):
Event: 1.891 Thread 0x0000027372eb6000 Implicit null exception at 0x0000027307b001f5 to 0x0000027307b003be
Event: 1.975 Thread 0x0000027372eb6000 Exception <a 'java/lang/NoClassDefFoundError'{0x00000000ff65dae8}: org/slf4j/impl/StaticMarkerBinder> (0x00000000ff65dae8) thrown at [t:/workspace/open/src/hotspot/share/classfile/systemDictionary.cpp, line 220]
Event: 2.028 Thread 0x0000027372eb6000 Exception <a 'java/lang/NoSuchMethodError'{0x00000000ff55c150}: java.lang.invoke.DirectMethodHandle$Holder.invokeVirtual(Ljava/lang/Object;Ljava/lang/Object;Ljava/lang/Object;Ljava/lang/Object;Ljava/lang/Object;Ljava/lang/Object;Ljava/lang/Object;)Ljava/l
Event: 2.034 Thread 0x0000027372eb6000 Exception <a 'java/lang/NoSuchMethodError'{0x00000000ff56fb58}: java.lang.invoke.Invokers$Holder.invoker(Ljava/lang/Object;Ljava/lang/Object;Ljava/lang/Object;)Ljava/lang/Object;> (0x00000000ff56fb58) thrown at [t:/workspace/open/src/hotspot/share/interpr
Event: 2.039 Thread 0x0000027372eb6000 Exception <a 'java/lang/NoSuchMethodError'{0x00000000ff580f40}: java.lang.invoke.DelegatingMethodHandle$Holder.delegate(Ljava/lang/Object;Ljava/lang/Object;ILjava/lang/Object;)V> (0x00000000ff580f40) thrown at [t:/workspace/open/src/hotspot/share/interpre
Event: 2.511 Thread 0x0000027372eb6000 Exception <a 'java/lang/NoSuchMethodError'{0x00000000ff77ec08}: java.lang.invoke.DirectMethodHandle$Holder.invokeStaticInit(Ljava/lang/Object;Ljava/lang/Object;Ljava/lang/Object;)Ljava/lang/Object;> (0x00000000ff77ec08) thrown at [t:/workspace/open/src/ho
Event: 2.775 Thread 0x0000027372eb6000 Exception <a 'java/lang/NoSuchMethodError'{0x00000000ff086b80}: java.lang.invoke.DirectMethodHandle$Holder.invokeStaticInit(Ljava/lang/Object;IIII)Ljava/lang/Object;> (0x00000000ff086b80) thrown at [t:/workspace/open/src/hotspot/share/interpreter/linkReso
Event: 3.953 Thread 0x0000027372eb6000 Exception <a 'java/lang/NoSuchMethodError'{0x00000000fef32e48}: java.lang.invoke.DirectMethodHandle$Holder.invokeStaticInit(Ljava/lang/Object;Ljava/lang/Object;IIII)Ljava/lang/Object;> (0x00000000fef32e48) thrown at [t:/workspace/open/src/hotspot/share/in
Event: 5.304 Thread 0x0000027372eb6000 Implicit null exception at 0x0000027307af7bf4 to 0x0000027307af80ee
Event: 5.304 Thread 0x0000027372eb6000 Implicit null exception at 0x0000027307af52f4 to 0x0000027307af57d6

Events (10 events):
Event: 174.802 Thread 0x000002737e230800 flushing nmethod 0x0000027300729110
Event: 174.802 Thread 0x000002737e230800 flushing nmethod 0x0000027300738790
Event: 174.802 Thread 0x000002737e230800 flushing nmethod 0x0000027300741a10
Event: 174.802 Thread 0x000002737e230800 flushing nmethod 0x000002730074ec90
Event: 174.803 Thread 0x000002737e230800 flushing nmethod 0x0000027300765590
Event: 174.803 Thread 0x000002737e230800 flushing nmethod 0x000002730079fc10
Event: 174.803 Thread 0x000002737e230800 flushing nmethod 0x00000273007b8f90
Event: 174.803 Thread 0x000002737e230800 flushing nmethod 0x00000273007b9790
Event: 174.803 Thread 0x000002737e230800 flushing nmethod 0x00000273007ba090
Event: 174.803 Thread 0x000002737e230800 flushing nmethod 0x00000273007ba990


Dynamic libraries:
0x00007ff7a1d30000 - 0x00007ff7a1d75000 	C:\Users\a\AppData\Local\jdk-11.0.2\bin\java.exe
0x00007ff87b290000 - 0x00007ff87b488000 	C:\WINDOWS\SYSTEM32\ntdll.dll
0x00007ff8792c0000 - 0x00007ff87937d000 	C:\WINDOWS\System32\KERNEL32.DLL
0x00007ff878c40000 - 0x00007ff878f36000 	C:\WINDOWS\System32\KERNELBASE.dll
0x00007ff872a50000 - 0x00007ff872ae0000 	C:\WINDOWS\SYSTEM32\apphelp.dll
0x00007ff87aa80000 - 0x00007ff87ac1e000 	C:\WINDOWS\System32\USER32.dll
0x00007ff878ab0000 - 0x00007ff878ad2000 	C:\WINDOWS\System32\win32u.dll
0x00007ff87a020000 - 0x00007ff87a04b000 	C:\WINDOWS\System32\GDI32.dll
0x00007ff878940000 - 0x00007ff878a57000 	C:\WINDOWS\System32\gdi32full.dll
0x00007ff879220000 - 0x00007ff8792bd000 	C:\WINDOWS\System32\msvcp_win.dll
0x00007ff878fb0000 - 0x00007ff8790b0000 	C:\WINDOWS\System32\ucrtbase.dll
0x00007ff85f030000 - 0x00007ff85f2ca000 	C:\WINDOWS\WinSxS\amd64_microsoft.windows.common-controls_6595b64144ccf1df_6.0.19041.3636_none_60b6a03d71f818d5\COMCTL32.dll
0x00007ff87a0c0000 - 0x00007ff87a15e000 	C:\WINDOWS\System32\msvcrt.dll
0x00007ff87a230000 - 0x00007ff87a262000 	C:\WINDOWS\System32\IMM32.DLL
0x00007ff83a9b0000 - 0x00007ff83a9c6000 	C:\Users\a\AppData\Local\jdk-11.0.2\bin\vcruntime140.dll
0x00007ff83a900000 - 0x00007ff83a9aa000 	C:\Users\a\AppData\Local\jdk-11.0.2\bin\msvcp140.dll
0x00007ff836b30000 - 0x00007ff837653000 	C:\Users\a\AppData\Local\jdk-11.0.2\bin\server\jvm.dll
0x00007ff87ade0000 - 0x00007ff87ae90000 	C:\WINDOWS\System32\ADVAPI32.dll
0x00007ff87ad40000 - 0x00007ff87ade0000 	C:\WINDOWS\System32\sechost.dll
0x00007ff879e10000 - 0x00007ff879f35000 	C:\WINDOWS\System32\RPCRT4.dll
0x00007ff8790b0000 - 0x00007ff8790d7000 	C:\WINDOWS\System32\bcrypt.dll
0x00007ff87aa40000 - 0x00007ff87aa48000 	C:\WINDOWS\System32\PSAPI.DLL
0x00007ff8732c0000 - 0x00007ff8732c9000 	C:\WINDOWS\SYSTEM32\WSOCK32.dll
0x00007ff87a050000 - 0x00007ff87a0bb000 	C:\WINDOWS\System32\WS2_32.dll
0x00007ff861620000 - 0x00007ff861647000 	C:\WINDOWS\SYSTEM32\WINMM.dll
0x00007ff873300000 - 0x00007ff87330a000 	C:\WINDOWS\SYSTEM32\VERSION.dll
0x00007ff877170000 - 0x00007ff877182000 	C:\WINDOWS\SYSTEM32\kernel.appcore.dll
0x00007ff83a8e0000 - 0x00007ff83a8f1000 	C:\Users\a\AppData\Local\jdk-11.0.2\bin\verify.dll
0x00007ff873650000 - 0x00007ff873834000 	C:\WINDOWS\SYSTEM32\DBGHELP.DLL
0x00007ff861510000 - 0x00007ff861544000 	C:\WINDOWS\SYSTEM32\dbgcore.DLL
0x00007ff879190000 - 0x00007ff879212000 	C:\WINDOWS\System32\bcryptPrimitives.dll
0x00007ff83a8b0000 - 0x00007ff83a8d8000 	C:\Users\a\AppData\Local\jdk-11.0.2\bin\java.dll
0x00007ff83a890000 - 0x00007ff83a8a6000 	C:\Users\a\AppData\Local\jdk-11.0.2\bin\zip.dll
0x00007ff870ff0000 - 0x00007ff870ffa000 	C:\Users\a\AppData\Local\jdk-11.0.2\bin\jimage.dll
0x00007ff87a2d0000 - 0x00007ff87aa3b000 	C:\WINDOWS\System32\SHELL32.dll
0x00007ff873840000 - 0x00007ff873fde000 	C:\WINDOWS\SYSTEM32\windows.storage.dll
0x00007ff87aef0000 - 0x00007ff87b243000 	C:\WINDOWS\System32\combase.dll
0x00007ff8782a0000 - 0x00007ff8782ce000 	C:\WINDOWS\SYSTEM32\Wldp.dll
0x00007ff87a160000 - 0x00007ff87a22d000 	C:\WINDOWS\System32\OLEAUT32.dll
0x00007ff879d60000 - 0x00007ff879e0d000 	C:\WINDOWS\System32\SHCORE.dll
0x00007ff87a270000 - 0x00007ff87a2c5000 	C:\WINDOWS\System32\shlwapi.dll
0x00007ff878870000 - 0x00007ff878895000 	C:\WINDOWS\SYSTEM32\profapi.dll
0x00007ff824b50000 - 0x00007ff824b69000 	C:\Users\a\AppData\Local\jdk-11.0.2\bin\net.dll
0x00007ff866e60000 - 0x00007ff866f6a000 	C:\WINDOWS\SYSTEM32\WINHTTP.dll
0x00007ff85e870000 - 0x00007ff85ea5c000 	C:\WINDOWS\SYSTEM32\urlmon.dll
0x00007ff85e590000 - 0x00007ff85e84c000 	C:\WINDOWS\SYSTEM32\iertutil.dll
0x00007ff861310000 - 0x00007ff861338000 	C:\WINDOWS\SYSTEM32\srvcli.dll
0x00007ff877de0000 - 0x00007ff877dec000 	C:\WINDOWS\SYSTEM32\netutils.dll
0x00007ff878000000 - 0x00007ff87806a000 	C:\WINDOWS\system32\mswsock.dll
0x00007ff811270000 - 0x00007ff811283000 	C:\Users\a\AppData\Local\jdk-11.0.2\bin\nio.dll
0x00007ff83aa90000 - 0x00007ff83aab7000 	C:\Users\a\.gradle\native\68d5fa5c4cc2d200863cafc0d521ce42e7d3e7ee720ec0a83991735586a16f82\windows-amd64\native-platform.dll
0x00007ff847510000 - 0x00007ff847519000 	C:\Users\a\AppData\Local\jdk-11.0.2\bin\management.dll
0x00007ff847500000 - 0x00007ff84750c000 	C:\Users\a\AppData\Local\jdk-11.0.2\bin\management_ext.dll
0x00007ff8781f0000 - 0x00007ff878208000 	C:\WINDOWS\SYSTEM32\CRYPTSP.dll
0x00007ff8778f0000 - 0x00007ff877924000 	C:\WINDOWS\system32\rsaenh.dll
0x00007ff8787f0000 - 0x00007ff87881e000 	C:\WINDOWS\SYSTEM32\USERENV.dll
0x00007ff878210000 - 0x00007ff87821c000 	C:\WINDOWS\SYSTEM32\CRYPTBASE.dll
0x00007ff877cd0000 - 0x00007ff877d0b000 	C:\WINDOWS\SYSTEM32\IPHLPAPI.DLL
0x00007ff879c90000 - 0x00007ff879c98000 	C:\WINDOWS\System32\NSI.dll
0x00007ff86ba70000 - 0x00007ff86ba87000 	C:\WINDOWS\SYSTEM32\dhcpcsvc6.DLL
0x00007ff86d120000 - 0x00007ff86d13d000 	C:\WINDOWS\SYSTEM32\dhcpcsvc.DLL
0x00007ff877d10000 - 0x00007ff877ddb000 	C:\WINDOWS\SYSTEM32\DNSAPI.dll

dbghelp: loaded successfully - version: 4.0.5 - missing functions: none
symbol engine: initialized successfully - sym options: 0x614 - pdb path: .;C:\Users\a\AppData\Local\jdk-11.0.2\bin;C:\WINDOWS\SYSTEM32;C:\WINDOWS\WinSxS\amd64_microsoft.windows.common-controls_6595b64144ccf1df_6.0.19041.3636_none_60b6a03d71f818d5;C:\Users\a\AppData\Local\jdk-11.0.2\bin\server;C:\Users\a\.gradle\native\68d5fa5c4cc2d200863cafc0d521ce42e7d3e7ee720ec0a83991735586a16f82\windows-amd64

VM Arguments:
jvm_args: -Xmx64m -Xms64m -Dorg.gradle.appname=gradlew 
java_command: org.gradle.wrapper.GradleWrapperMain app:installDebug -PreactNativeDevServerPort=8081
java_class_path (initial): E:\RN\attendent-kit\mobile\android\\gradle\wrapper\gradle-wrapper.jar
Launcher Type: SUN_STANDARD

[Global flags]
     intx CICompilerCount                          = 3                                         {product} {ergonomic}
     uint ConcGCThreads                            = 1                                         {product} {ergonomic}
     uint G1ConcRefinementThreads                  = 4                                         {product} {ergonomic}
   size_t G1HeapRegionSize                         = 1048576                                   {product} {ergonomic}
    uintx GCDrainStackTargetSize                   = 64                                        {product} {ergonomic}
   size_t InitialHeapSize                          = 67108864                                  {product} {command line}
   size_t MarkStackSize                            = 4194304                                   {product} {ergonomic}
   size_t MaxHeapSize                              = 67108864                                  {product} {command line}
   size_t MaxNewSize                               = 39845888                                  {product} {ergonomic}
   size_t MinHeapDeltaBytes                        = 1048576                                   {product} {ergonomic}
    uintx NonNMethodCodeHeapSize                   = 5830092                                {pd product} {ergonomic}
    uintx NonProfiledCodeHeapSize                  = 122914074                              {pd product} {ergonomic}
    uintx ProfiledCodeHeapSize                     = 122914074                              {pd product} {ergonomic}
    uintx ReservedCodeCacheSize                    = 251658240                              {pd product} {ergonomic}
     bool SegmentedCodeCache                       = true                                      {product} {ergonomic}
     bool UseCompressedClassPointers               = true                                 {lp64_product} {ergonomic}
     bool UseCompressedOops                        = true                                 {lp64_product} {ergonomic}
     bool UseG1GC                                  = true                                      {product} {ergonomic}
     bool UseLargePagesIndividualAllocation        = false                                  {pd product} {ergonomic}

Logging:
Log output configuration:
 #0: stdout all=warning uptime,level,tags
 #1: stderr all=off uptime,level,tags

Environment Variables:
JAVA_HOME=C:\Users\a\AppData\Local\jdk-11.0.2
CLASSPATH=E:\RN\attendent-kit\mobile\android\\gradle\wrapper\gradle-wrapper.jar
PATH=E:\RN\attendent-kit\mobile\node_modules\.bin;E:\RN\attendent-kit\mobile\node_modules\.bin;E:\RN\attendent-kit\node_modules\.bin;E:\RN\node_modules\.bin;E:\node_modules\.bin;C:\Program Files\nodejs\node_modules\npm\node_modules\@npmcli\run-script\lib\node-gyp-bin;C:\Users\a\AppData\Local\Temp\yarn--1712303365335-0.5252633726466331;E:\RN\attendent-kit\mobile\node_modules\.bin;C:\Users\a\AppData\Local\Yarn\Data\link\node_modules\.bin;C:\Users\a\AppData\Local\Yarn\bin;C:\Program Files\libexec\lib\node_modules\npm\bin\node-gyp-bin;C:\Program Files\lib\node_modules\npm\bin\node-gyp-bin;C:\Program Files\nodejs\node_modules\npm\bin\node-gyp-bin;C:\Program Files\apache-maven-3.8.5\bin;C:\WINDOWS\system32;C:\WINDOWS;C:\WINDOWS\System32\Wbem;C:\WINDOWS\System32\WindowsPowerShell\v1.0\;C:\WINDOWS\System32\OpenSSH\;C:\Program Files (x86)\mingw-w64\i686-8.1.0-posix-dwarf-rt_v6-rev0\mingw32\bin;C:\Program Files (x86)\Microsoft SQL Server\100\Tools\Binn\;C:\Program Files\Microsoft SQL Server\100\Tools\Binn\;C:\Program Files\Microsoft SQL Server\100\DTS\Binn\;C:\Program Files (x86)\Microsoft SQL Server\100\Tools\Binn\VSShell\Common7\IDE\;C:\Program Files (x86)\Microsoft Visual Studio 9.0\Common7\IDE\PrivateAssemblies\;C:\Program Files (x86)\Microsoft SQL Server\100\DTS\Binn\;C:\Program Files\Git\cmd;C:\ProgramData\ComposerSetup\bin;C:\Program Files\nodejs\;C:\Users\a\Downloads\platform-tools;C:\Users\a\AppData\Local\Android\Sdk\platform-tools;C:\Users\a\AppData\Local\jdk-11.0.2\bin;C:\Users\a\AppData\Local\Android\Sdk\tools;C:\Users\a\AppData\Local\jdk-11.0.2\bin;C:\Users\a\AppData\Local\Microsoft\WindowsApps;C:\Users\a\AppData\Local\Programs\Microsoft VS Code\bin;C:\xampp\php;C:\Users\a\composer;C:\Users\a\AppData\Roaming\Composer\vendor\bin;C:\Program Files\JetBrains\IntelliJ IDEA Community Edition 2022.1\bin;;C:\Users\a\AppData\Roaming\npm;
USERNAME=a
OS=Windows_NT
PROCESSOR_IDENTIFIER=Intel64 Family 6 Model 142 Stepping 10, GenuineIntel



---------------  S Y S T E M  ---------------

OS: Windows 10 , 64 bit Build 19041 (10.0.19041.3636)

CPU:total 4 (initial active 4) (2 cores per cpu, 2 threads per core) family 6 model 142 stepping 10, cmov, cx8, fxsr, mmx, sse, sse2, sse3, ssse3, sse4.1, sse4.2, popcnt, avx, avx2, aes, clmul, erms, 3dnowpref, lzcnt, ht, tsc, tscinvbit, bmi1, bmi2, adx, fma

Memory: 4k page, system-wide physical 8063M (225M free)
TotalPageFile size 19313M (AvailPageFile size 0M)
current process WorkingSet (physical memory assigned to process): 47M, peak: 83M
current process commit charge ("private bytes"): 152M, peak: 156M

vm_info: OpenJDK 64-Bit Server VM (11.0.2+9) for windows-amd64 JRE (11.0.2+9), built on Jan 18 2019 05:23:22 by "mach5one" with MS VC++ 15.5 (VS2017)

END.
