#
# There is insufficient memory for the Java Runtime Environment to continue.
# Native memory allocation (malloc) failed to allocate 605136 bytes for Chunk::new
# Possible reasons:
#   The system is out of physical RAM or swap space
#   The process is running with CompressedOops enabled, and the Java Heap may be blocking the growth of the native heap
# Possible solutions:
#   Reduce memory load on the system
#   Increase physical memory or swap space
#   Check if swap backing store is full
#   Decrease Java heap size (-Xmx/-Xms)
#   Decrease number of Java threads
#   Decrease Java thread stack sizes (-Xss)
#   Set larger code cache with -XX:ReservedCodeCacheSize=
#   JVM is running with Unscaled Compressed Oops mode in which the Java heap is
#     placed in the first 4GB address space. The Java Heap base address is the
#     maximum limit for the native heap growth. Please use -XX:HeapBaseMinAddress
#     to set the Java Heap base and to place the Java Heap above 4GB virtual address.
# This output file may be truncated or incomplete.
#
#  Out of Memory Error (t:/workspace/open/src/hotspot/share/memory/arena.cpp:197), pid=14044, tid=3420
#
# JRE version: OpenJDK Runtime Environment (11.0.2+9) (build 11.0.2+9)
# Java VM: OpenJDK 64-Bit Server VM (11.0.2+9, mixed mode, tiered, compressed oops, g1 gc, windows-amd64)
# No core dump will be written. Minidumps are not enabled by default on client versions of Windows
#

---------------  S U M M A R Y ------------

Command Line: -XX:MaxMetaspaceSize=512m --add-opens=java.base/java.util=ALL-UNNAMED --add-opens=java.base/java.lang=ALL-UNNAMED --add-opens=java.base/java.lang.invoke=ALL-UNNAMED --add-opens=java.prefs/java.util.prefs=ALL-UNNAMED --add-opens=java.base/java.nio.charset=ALL-UNNAMED --add-opens=java.base/java.net=ALL-UNNAMED --add-opens=java.base/java.util.concurrent.atomic=ALL-UNNAMED -Xmx2048m -Dfile.encoding=windows-1252 -Duser.country=VN -Duser.language=vi -Duser.variant org.gradle.launcher.daemon.bootstrap.GradleDaemon 7.6

Host: Intel(R) Core(TM) i3-8130U CPU @ 2.20GHz, 4 cores, 7G,  Windows 10 , 64 bit Build 19041 (10.0.19041.3636)
Time: Fri Apr  5 14:52:35 2024 SE Asia Standard Time elapsed time: 100 seconds (0d 0h 1m 40s)

---------------  T H R E A D  ---------------

Current thread (0x00000259d1088800):  JavaThread "C2 CompilerThread0" daemon [_thread_in_native, id=3420, stack(0x000000b65c700000,0x000000b65c800000)]


Current CompileTask:
C2: 100166 8032       4       java.lang.String::split (324 bytes)

Stack: [0x000000b65c700000,0x000000b65c800000]
Native frames: (J=compiled Java code, j=interpreted, Vv=VM code, C=native code)
V  [jvm.dll+0x63489a]
V  [jvm.dll+0x771f9f]
V  [jvm.dll+0x773648]
V  [jvm.dll+0x773d03]
V  [jvm.dll+0x25eba8]
V  [jvm.dll+0xc2191]
V  [jvm.dll+0xc271c]
V  [jvm.dll+0x2cf964]
V  [jvm.dll+0x55129f]
V  [jvm.dll+0x21a4b9]
V  [jvm.dll+0x217a46]
V  [jvm.dll+0x194370]
V  [jvm.dll+0x226b3f]
V  [jvm.dll+0x225148]
V  [jvm.dll+0x73774d]
V  [jvm.dll+0x633942]
C  [ucrtbase.dll+0x21bb2]
C  [KERNEL32.DLL+0x17344]
C  [ntdll.dll+0x526b1]


---------------  P R O C E S S  ---------------

Threads class SMR info:
_java_thread_list=0x00000259d784c490, length=86, elements={
0x00000259b24a9000, 0x00000259d1067800, 0x00000259d1068800, 0x00000259d1085800,
0x00000259d1086800, 0x00000259d1088800, 0x00000259d108c000, 0x00000259d1a73000,
0x00000259d1b69000, 0x00000259d1baa800, 0x00000259d465b800, 0x00000259d32e4800,
0x00000259d4989800, 0x00000259d1ce2800, 0x00000259d2dc1000, 0x00000259d35be000,
0x00000259d2b46000, 0x00000259d25fd800, 0x00000259d1aad800, 0x00000259d1ab2800,
0x00000259d1ab0000, 0x00000259d1ab4000, 0x00000259d1aae800, 0x00000259d1ab1000,
0x00000259d1aaf000, 0x00000259d1ab1800, 0x00000259d1ab3800, 0x00000259d4675800,
0x00000259d467a800, 0x00000259d4679800, 0x00000259d4676000, 0x00000259d4674800,
0x00000259d4678800, 0x00000259d467c000, 0x00000259d467c800, 0x00000259d4677000,
0x00000259d467d800, 0x00000259d4678000, 0x00000259d467e800, 0x00000259d4680000,
0x00000259d4681000, 0x00000259d4683800, 0x00000259d467f000, 0x00000259d4681800,
0x00000259d4682800, 0x00000259d594a800, 0x00000259d5947000, 0x00000259d5949000,
0x00000259d5946800, 0x00000259d594c000, 0x00000259d5949800, 0x00000259d594b800,
0x00000259d5948000, 0x00000259d5951000, 0x00000259d594e800, 0x00000259d5952000,
0x00000259d594d800, 0x00000259d594d000, 0x00000259d5955000, 0x00000259d5952800,
0x00000259d5950000, 0x00000259d594f800, 0x00000259d5953800, 0x00000259d5954000,
0x00000259d3ea0800, 0x00000259d3e9f800, 0x00000259d3ea1000, 0x00000259d3ea4800,
0x00000259d3ea2000, 0x00000259d3ea2800, 0x00000259d3ea3800, 0x00000259d3e9e800,
0x00000259d3ea9000, 0x00000259d3ea7000, 0x00000259d3ea5000, 0x00000259d3ea7800,
0x00000259d3eaa000, 0x00000259d3eab800, 0x00000259d3eab000, 0x00000259d3ea6000,
0x00000259d3ea8800, 0x00000259d3eac800, 0x00000259d3ead800, 0x00000259d3c9b800,
0x00000259d3c9d000, 0x00000259d5105800
}

Java Threads: ( => current thread )
  0x00000259b24a9000 JavaThread "main" [_thread_blocked, id=14072, stack(0x000000b65bb00000,0x000000b65bc00000)]
  0x00000259d1067800 JavaThread "Reference Handler" daemon [_thread_blocked, id=10052, stack(0x000000b65c300000,0x000000b65c400000)]
  0x00000259d1068800 JavaThread "Finalizer" daemon [_thread_blocked, id=18400, stack(0x000000b65c400000,0x000000b65c500000)]
  0x00000259d1085800 JavaThread "Signal Dispatcher" daemon [_thread_blocked, id=7872, stack(0x000000b65c500000,0x000000b65c600000)]
  0x00000259d1086800 JavaThread "Attach Listener" daemon [_thread_blocked, id=17564, stack(0x000000b65c600000,0x000000b65c700000)]
=>0x00000259d1088800 JavaThread "C2 CompilerThread0" daemon [_thread_in_native, id=3420, stack(0x000000b65c700000,0x000000b65c800000)]
  0x00000259d108c000 JavaThread "C1 CompilerThread0" daemon [_thread_blocked, id=17928, stack(0x000000b65c800000,0x000000b65c900000)]
  0x00000259d1a73000 JavaThread "Sweeper thread" daemon [_thread_blocked, id=10816, stack(0x000000b65c900000,0x000000b65ca00000)]
  0x00000259d1b69000 JavaThread "Common-Cleaner" daemon [_thread_blocked, id=9256, stack(0x000000b65ca00000,0x000000b65cb00000)]
  0x00000259d1baa800 JavaThread "Service Thread" daemon [_thread_blocked, id=10404, stack(0x000000b65cb00000,0x000000b65cc00000)]
  0x00000259d465b800 JavaThread "Daemon health stats" [_thread_blocked, id=10188, stack(0x000000b65cf00000,0x000000b65d000000)]
  0x00000259d32e4800 JavaThread "Incoming local TCP Connector on port 49646" [_thread_in_native, id=10204, stack(0x000000b65d000000,0x000000b65d100000)]
  0x00000259d4989800 JavaThread "Daemon periodic checks" [_thread_blocked, id=16540, stack(0x000000b65d100000,0x000000b65d200000)]
  0x00000259d1ce2800 JavaThread "Daemon" [_thread_blocked, id=7068, stack(0x000000b65d200000,0x000000b65d300000)]
  0x00000259d2dc1000 JavaThread "Handler for socket connection from /127.0.0.1:49646 to /127.0.0.1:49647" [_thread_in_native, id=12860, stack(0x000000b65d300000,0x000000b65d400000)]
  0x00000259d35be000 JavaThread "Cancel handler" [_thread_blocked, id=10576, stack(0x000000b65d400000,0x000000b65d500000)]
  0x00000259d2b46000 JavaThread "Daemon worker" [_thread_blocked, id=15652, stack(0x000000b65d500000,0x000000b65d600000)]
  0x00000259d25fd800 JavaThread "Asynchronous log dispatcher for DefaultDaemonConnection: socket connection from /127.0.0.1:49646 to /127.0.0.1:49647" [_thread_blocked, id=9384, stack(0x000000b65d600000,0x000000b65d700000)]
  0x00000259d1aad800 JavaThread "Daemon client event forwarder" [_thread_blocked, id=2700, stack(0x000000b65d900000,0x000000b65da00000)]
  0x00000259d1ab2800 JavaThread "Cache worker for journal cache (C:\Users\a\.gradle\caches\journal-1)" [_thread_blocked, id=18148, stack(0x000000b65da00000,0x000000b65db00000)]
  0x00000259d1ab0000 JavaThread "File lock request listener" [_thread_in_native, id=6196, stack(0x000000b65db00000,0x000000b65dc00000)]
  0x00000259d1ab4000 JavaThread "File lock release action executor" [_thread_blocked, id=8584, stack(0x000000b65dc00000,0x000000b65dd00000)]
  0x00000259d1aae800 JavaThread "Cache worker for file hash cache (C:\Users\a\.gradle\caches\7.6\fileHashes)" [_thread_blocked, id=6432, stack(0x000000b65dd00000,0x000000b65de00000)]
  0x00000259d1ab1000 JavaThread "File watcher server" daemon [_thread_in_native, id=13084, stack(0x000000b65de00000,0x000000b65df00000)]
  0x00000259d1aaf000 JavaThread "File watcher consumer" daemon [_thread_blocked, id=8784, stack(0x000000b65df00000,0x000000b65e000000)]
  0x00000259d1ab1800 JavaThread "Cache worker for checksums cache (E:\RN\attendent-kit\mobile\android\.gradle\7.6\checksums)" [_thread_blocked, id=60, stack(0x000000b65e000000,0x000000b65e100000)]
  0x00000259d1ab3800 JavaThread "Cache worker for cache directory md-rule (C:\Users\a\.gradle\caches\7.6\md-rule)" [_thread_blocked, id=13916, stack(0x000000b65e100000,0x000000b65e200000)]
  0x00000259d4675800 JavaThread "Cache worker for file content cache (C:\Users\a\.gradle\caches\7.6\fileContent)" [_thread_blocked, id=15788, stack(0x000000b65e200000,0x000000b65e300000)]
  0x00000259d467a800 JavaThread "Cache worker for file hash cache (E:\RN\attendent-kit\mobile\android\.gradle\7.6\fileHashes)" [_thread_blocked, id=14268, stack(0x000000b65e300000,0x000000b65e400000)]
  0x00000259d4679800 JavaThread "Cache worker for cache directory md-supplier (C:\Users\a\.gradle\caches\7.6\md-supplier)" [_thread_blocked, id=13824, stack(0x000000b65e400000,0x000000b65e500000)]
  0x00000259d4676000 JavaThread "Cache worker for execution history cache (C:\Users\a\.gradle\caches\7.6\executionHistory)" [_thread_blocked, id=17688, stack(0x000000b65e500000,0x000000b65e600000)]
  0x00000259d4674800 JavaThread "jar transforms" [_thread_blocked, id=1772, stack(0x000000b65e700000,0x000000b65e800000)]
  0x00000259d4678800 JavaThread "jar transforms Thread 2" [_thread_blocked, id=9292, stack(0x000000b65e800000,0x000000b65e900000)]
  0x00000259d467c000 JavaThread "jar transforms Thread 3" [_thread_blocked, id=5576, stack(0x000000b65e600000,0x000000b65e700000)]
  0x00000259d467c800 JavaThread "jar transforms Thread 4" [_thread_blocked, id=2032, stack(0x000000b65e900000,0x000000b65ea00000)]
  0x00000259d4677000 JavaThread "Cache worker for kotlin-dsl (C:\Users\a\.gradle\caches\7.6\kotlin-dsl)" [_thread_blocked, id=18124, stack(0x000000b65bc00000,0x000000b65bd00000)]
  0x00000259d467d800 JavaThread "Cache worker for dependencies-accessors (E:\RN\attendent-kit\mobile\android\.gradle\7.6\dependencies-accessors)" [_thread_blocked, id=5736, stack(0x000000b65ba00000,0x000000b65bb00000)]
  0x00000259d4678000 JavaThread "Cache worker for Build Output Cleanup Cache (E:\RN\attendent-kit\mobile\node_modules\@react-native\gradle-plugin\.gradle\buildOutputCleanup)" [_thread_blocked, id=13892, stack(0x000000b65d700000,0x000000b65d800000)]
  0x00000259d467e800 JavaThread "Unconstrained build operations" [_thread_blocked, id=5264, stack(0x000000b65ec00000,0x000000b65ed00000)]
  0x00000259d4680000 JavaThread "Unconstrained build operations Thread 2" [_thread_blocked, id=11712, stack(0x000000b65ed00000,0x000000b65ee00000)]
  0x00000259d4681000 JavaThread "Unconstrained build operations Thread 3" [_thread_blocked, id=10316, stack(0x000000b65ee00000,0x000000b65ef00000)]
  0x00000259d4683800 JavaThread "Unconstrained build operations Thread 4" [_thread_blocked, id=17248, stack(0x000000b65ef00000,0x000000b65f000000)]
  0x00000259d467f000 JavaThread "Unconstrained build operations Thread 5" [_thread_blocked, id=12996, stack(0x000000b65f000000,0x000000b65f100000)]
  0x00000259d4681800 JavaThread "Unconstrained build operations Thread 6" [_thread_blocked, id=15496, stack(0x000000b65f100000,0x000000b65f200000)]
  0x00000259d4682800 JavaThread "Unconstrained build operations Thread 7" [_thread_blocked, id=16116, stack(0x000000b65f200000,0x000000b65f300000)]
  0x00000259d594a800 JavaThread "Unconstrained build operations Thread 8" [_thread_blocked, id=13620, stack(0x000000b65f300000,0x000000b65f400000)]
  0x00000259d5947000 JavaThread "Unconstrained build operations Thread 9" [_thread_blocked, id=4640, stack(0x000000b65f400000,0x000000b65f500000)]
  0x00000259d5949000 JavaThread "Unconstrained build operations Thread 10" [_thread_blocked, id=9980, stack(0x000000b65f500000,0x000000b65f600000)]
  0x00000259d5946800 JavaThread "Unconstrained build operations Thread 11" [_thread_blocked, id=1924, stack(0x000000b65f600000,0x000000b65f700000)]
  0x00000259d594c000 JavaThread "Unconstrained build operations Thread 12" [_thread_blocked, id=6892, stack(0x000000b65f700000,0x000000b65f800000)]
  0x00000259d5949800 JavaThread "Unconstrained build operations Thread 13" [_thread_blocked, id=5008, stack(0x000000b65f800000,0x000000b65f900000)]
  0x00000259d594b800 JavaThread "Unconstrained build operations Thread 14" [_thread_blocked, id=2744, stack(0x000000b65f900000,0x000000b65fa00000)]
  0x00000259d5948000 JavaThread "Unconstrained build operations Thread 15" [_thread_blocked, id=9452, stack(0x000000b65fa00000,0x000000b65fb00000)]
  0x00000259d5951000 JavaThread "Unconstrained build operations Thread 16" [_thread_blocked, id=5064, stack(0x000000b65fb00000,0x000000b65fc00000)]
  0x00000259d594e800 JavaThread "Unconstrained build operations Thread 17" [_thread_blocked, id=8248, stack(0x000000b65fc00000,0x000000b65fd00000)]
  0x00000259d5952000 JavaThread "Unconstrained build operations Thread 18" [_thread_blocked, id=18116, stack(0x000000b65fd00000,0x000000b65fe00000)]
  0x00000259d594d800 JavaThread "Unconstrained build operations Thread 19" [_thread_blocked, id=5800, stack(0x000000b65fe00000,0x000000b65ff00000)]
  0x00000259d594d000 JavaThread "Unconstrained build operations Thread 20" [_thread_blocked, id=10412, stack(0x000000b65ff00000,0x000000b660000000)]
  0x00000259d5955000 JavaThread "Unconstrained build operations Thread 21" [_thread_blocked, id=8776, stack(0x000000b660000000,0x000000b660100000)]
  0x00000259d5952800 JavaThread "Unconstrained build operations Thread 22" [_thread_blocked, id=12148, stack(0x000000b660100000,0x000000b660200000)]
  0x00000259d5950000 JavaThread "Unconstrained build operations Thread 23" [_thread_blocked, id=11452, stack(0x000000b660200000,0x000000b660300000)]
  0x00000259d594f800 JavaThread "Unconstrained build operations Thread 24" [_thread_blocked, id=2128, stack(0x000000b660300000,0x000000b660400000)]
  0x00000259d5953800 JavaThread "Unconstrained build operations Thread 25" [_thread_blocked, id=1008, stack(0x000000b660400000,0x000000b660500000)]
  0x00000259d5954000 JavaThread "Unconstrained build operations Thread 26" [_thread_blocked, id=12400, stack(0x000000b660500000,0x000000b660600000)]
  0x00000259d3ea0800 JavaThread "Memory manager" [_thread_blocked, id=10980, stack(0x000000b660600000,0x000000b660700000)]
  0x00000259d3e9f800 JavaThread "Cache worker for Build Output Cleanup Cache (E:\RN\attendent-kit\mobile\android\.gradle\buildOutputCleanup)" [_thread_blocked, id=6048, stack(0x000000b660700000,0x000000b660800000)]
  0x00000259d3ea1000 JavaThread "included builds" [_thread_blocked, id=1576, stack(0x000000b660800000,0x000000b660900000)]
  0x00000259d3ea4800 JavaThread "Execution worker" [_thread_blocked, id=9624, stack(0x000000b660900000,0x000000b660a00000)]
  0x00000259d3ea2000 JavaThread "Execution worker Thread 2" [_thread_blocked, id=17264, stack(0x000000b660a00000,0x000000b660b00000)]
  0x00000259d3ea2800 JavaThread "Execution worker Thread 3" [_thread_blocked, id=16624, stack(0x000000b660b00000,0x000000b660c00000)]
  0x00000259d3ea3800 JavaThread "Cache worker for execution history cache (E:\RN\attendent-kit\mobile\node_modules\@react-native\gradle-plugin\.gradle\7.6\executionHistory)" [_thread_blocked, id=9984, stack(0x000000b660c00000,0x000000b660d00000)]
  0x00000259d3e9e800 JavaThread "Unconstrained build operations Thread 27" [_thread_blocked, id=17040, stack(0x000000b660d00000,0x000000b660e00000)]
  0x00000259d3ea9000 JavaThread "Unconstrained build operations Thread 28" [_thread_blocked, id=15828, stack(0x000000b660e00000,0x000000b660f00000)]
  0x00000259d3ea7000 JavaThread "Unconstrained build operations Thread 29" [_thread_blocked, id=13448, stack(0x000000b660f00000,0x000000b661000000)]
  0x00000259d3ea5000 JavaThread "Unconstrained build operations Thread 30" [_thread_blocked, id=14088, stack(0x000000b661000000,0x000000b661100000)]
  0x00000259d3ea7800 JavaThread "Unconstrained build operations Thread 31" [_thread_blocked, id=11132, stack(0x000000b661100000,0x000000b661200000)]
  0x00000259d3eaa000 JavaThread "Unconstrained build operations Thread 32" [_thread_blocked, id=15508, stack(0x000000b661200000,0x000000b661300000)]
  0x00000259d3eab800 JavaThread "Unconstrained build operations Thread 33" [_thread_blocked, id=2060, stack(0x000000b661300000,0x000000b661400000)]
  0x00000259d3eab000 JavaThread "Unconstrained build operations Thread 34" [_thread_blocked, id=9988, stack(0x000000b661400000,0x000000b661500000)]
  0x00000259d3ea6000 JavaThread "Unconstrained build operations Thread 35" [_thread_blocked, id=3028, stack(0x000000b661500000,0x000000b661600000)]
  0x00000259d3ea8800 JavaThread "Unconstrained build operations Thread 36" [_thread_blocked, id=10720, stack(0x000000b661600000,0x000000b661700000)]
  0x00000259d3eac800 JavaThread "Unconstrained build operations Thread 37" [_thread_blocked, id=15488, stack(0x000000b661700000,0x000000b661800000)]
  0x00000259d3ead800 JavaThread "Unconstrained build operations Thread 38" [_thread_blocked, id=4656, stack(0x000000b661800000,0x000000b661900000)]
  0x00000259d3c9b800 JavaThread "Unconstrained build operations Thread 39" [_thread_blocked, id=7268, stack(0x000000b661900000,0x000000b661a00000)]
  0x00000259d3c9d000 JavaThread "Unconstrained build operations Thread 40" [_thread_blocked, id=10352, stack(0x000000b661a00000,0x000000b661b00000)]
  0x00000259d5105800 JavaThread "C2 CompilerThread1" daemon [_thread_in_native, id=18040, stack(0x000000b661b00000,0x000000b661c00000)]

Other Threads:
  0x00000259d105f800 VMThread "VM Thread" [stack: 0x000000b65c200000,0x000000b65c300000] [id=4484]
  0x00000259d1bac000 WatcherThread [stack: 0x000000b65cc00000,0x000000b65cd00000] [id=17496]
  0x00000259b24bc800 GCTaskThread "GC Thread#0" [stack: 0x000000b65bd00000,0x000000b65be00000] [id=15436]
  0x00000259d1ec1800 GCTaskThread "GC Thread#1" [stack: 0x000000b65cd00000,0x000000b65ce00000] [id=4892]
  0x00000259d232d800 GCTaskThread "GC Thread#2" [stack: 0x000000b65ce00000,0x000000b65cf00000] [id=8524]
  0x00000259d4572800 GCTaskThread "GC Thread#3" [stack: 0x000000b65d800000,0x000000b65d900000] [id=7496]
  0x00000259b24ee000 ConcurrentGCThread "G1 Main Marker" [stack: 0x000000b65be00000,0x000000b65bf00000] [id=18088]
  0x00000259b24f0000 ConcurrentGCThread "G1 Conc#0" [stack: 0x000000b65bf00000,0x000000b65c000000] [id=15208]
  0x00000259d0ed0800 ConcurrentGCThread "G1 Refine#0" [stack: 0x000000b65c000000,0x000000b65c100000] [id=16708]
  0x00000259d0ed1000 ConcurrentGCThread "G1 Young RemSet Sampling" [stack: 0x000000b65c100000,0x000000b65c200000] [id=17776]

Threads with active compile tasks:
C2 CompilerThread08032       4       java.lang.String::split (324 bytes)
C2 CompilerThread18057       4       sun.nio.fs.WindowsPathParser::normalize (233 bytes)

VM state:not at safepoint (normal execution)

VM Mutex/Monitor currently owned by a thread: None

Heap address: 0x0000000080000000, size: 2048 MB, Compressed Oops mode: 32-bit
Narrow klass base: 0x0000000000000000, Narrow klass shift: 3
Compressed class space size: 528482304 Address: 0x0000000100000000

Heap:
 garbage-first heap   total 129024K, used 94789K [0x0000000080000000, 0x0000000100000000)
  region size 1024K, 50 young (51200K), 8 survivors (8192K)
 Metaspace       used 72123K, capacity 74265K, committed 74396K, reserved 581632K
  class space    used 9491K, capacity 10390K, committed 10496K, reserved 516096K
Heap Regions: E=young(eden), S=young(survivor), O=old, HS=humongous(starts), HC=humongous(continues), CS=collection set, F=free, A=archive, TAMS=top-at-mark-start (previous, next)
|   0|0x0000000080000000, 0x0000000080100000, 0x0000000080100000|100%|HS|  |TAMS 0x0000000080100000, 0x0000000080000000| Complete 
|   1|0x0000000080100000, 0x0000000080200000, 0x0000000080200000|100%|HC|  |TAMS 0x0000000080200000, 0x0000000080100000| Complete 
|   2|0x0000000080200000, 0x0000000080300000, 0x0000000080300000|100%|HC|  |TAMS 0x0000000080300000, 0x0000000080200000| Complete 
|   3|0x0000000080300000, 0x0000000080400000, 0x0000000080400000|100%| O|  |TAMS 0x0000000080400000, 0x0000000080300000| Untracked 
|   4|0x0000000080400000, 0x0000000080500000, 0x0000000080500000|100%| O|  |TAMS 0x0000000080500000, 0x0000000080400000| Untracked 
|   5|0x0000000080500000, 0x0000000080600000, 0x0000000080600000|100%| O|  |TAMS 0x0000000080600000, 0x0000000080500000| Untracked 
|   6|0x0000000080600000, 0x0000000080700000, 0x0000000080700000|100%| O|  |TAMS 0x0000000080700000, 0x0000000080600000| Untracked 
|   7|0x0000000080700000, 0x0000000080800000, 0x0000000080800000|100%| O|  |TAMS 0x0000000080800000, 0x0000000080700000| Untracked 
|   8|0x0000000080800000, 0x0000000080900000, 0x0000000080900000|100%| O|  |TAMS 0x0000000080900000, 0x0000000080800000| Untracked 
|   9|0x0000000080900000, 0x0000000080a00000, 0x0000000080a00000|100%| O|  |TAMS 0x0000000080a00000, 0x0000000080900000| Untracked 
|  10|0x0000000080a00000, 0x0000000080b00000, 0x0000000080b00000|100%| O|  |TAMS 0x0000000080b00000, 0x0000000080a00000| Untracked 
|  11|0x0000000080b00000, 0x0000000080c00000, 0x0000000080c00000|100%| O|  |TAMS 0x0000000080c00000, 0x0000000080b00000| Untracked 
|  12|0x0000000080c00000, 0x0000000080d00000, 0x0000000080d00000|100%| O|  |TAMS 0x0000000080d00000, 0x0000000080c00000| Untracked 
|  13|0x0000000080d00000, 0x0000000080e00000, 0x0000000080e00000|100%| O|  |TAMS 0x0000000080e00000, 0x0000000080d00000| Untracked 
|  14|0x0000000080e00000, 0x0000000080f00000, 0x0000000080f00000|100%| O|  |TAMS 0x0000000080f00000, 0x0000000080e00000| Untracked 
|  15|0x0000000080f00000, 0x0000000081000000, 0x0000000081000000|100%| O|  |TAMS 0x0000000081000000, 0x0000000080f00000| Untracked 
|  16|0x0000000081000000, 0x0000000081100000, 0x0000000081100000|100%| O|  |TAMS 0x0000000081100000, 0x0000000081000000| Untracked 
|  17|0x0000000081100000, 0x0000000081200000, 0x0000000081200000|100%| O|  |TAMS 0x0000000081200000, 0x0000000081100000| Untracked 
|  18|0x0000000081200000, 0x0000000081300000, 0x0000000081300000|100%| O|  |TAMS 0x0000000081300000, 0x0000000081200000| Untracked 
|  19|0x0000000081300000, 0x0000000081400000, 0x0000000081400000|100%| O|  |TAMS 0x0000000081400000, 0x0000000081300000| Untracked 
|  20|0x0000000081400000, 0x0000000081500000, 0x0000000081500000|100%| O|  |TAMS 0x0000000081500000, 0x0000000081400000| Untracked 
|  21|0x0000000081500000, 0x0000000081600000, 0x0000000081600000|100%| O|  |TAMS 0x0000000081600000, 0x0000000081500000| Untracked 
|  22|0x0000000081600000, 0x0000000081700000, 0x0000000081700000|100%| O|  |TAMS 0x0000000081700000, 0x0000000081600000| Untracked 
|  23|0x0000000081700000, 0x0000000081800000, 0x0000000081800000|100%| O|  |TAMS 0x0000000081800000, 0x0000000081700000| Untracked 
|  24|0x0000000081800000, 0x0000000081900000, 0x0000000081900000|100%| O|  |TAMS 0x0000000081900000, 0x0000000081800000| Untracked 
|  25|0x0000000081900000, 0x0000000081a00000, 0x0000000081a00000|100%| O|  |TAMS 0x0000000081a00000, 0x0000000081900000| Untracked 
|  26|0x0000000081a00000, 0x0000000081b00000, 0x0000000081b00000|100%| O|  |TAMS 0x0000000081b00000, 0x0000000081a00000| Untracked 
|  27|0x0000000081b00000, 0x0000000081c00000, 0x0000000081c00000|100%| O|  |TAMS 0x0000000081c00000, 0x0000000081b00000| Untracked 
|  28|0x0000000081c00000, 0x0000000081d00000, 0x0000000081d00000|100%|HS|  |TAMS 0x0000000081d00000, 0x0000000081c00000| Complete 
|  29|0x0000000081d00000, 0x0000000081e00000, 0x0000000081e00000|100%|HC|  |TAMS 0x0000000081e00000, 0x0000000081d00000| Complete 
|  30|0x0000000081e00000, 0x0000000081f00000, 0x0000000081f00000|100%|HS|  |TAMS 0x0000000081f00000, 0x0000000081e00000| Complete 
|  31|0x0000000081f00000, 0x0000000082000000, 0x0000000082000000|100%|HC|  |TAMS 0x0000000082000000, 0x0000000081f00000| Complete 
|  32|0x0000000082000000, 0x0000000082100000, 0x0000000082100000|100%|HC|  |TAMS 0x0000000082100000, 0x0000000082000000| Complete 
|  33|0x0000000082100000, 0x0000000082200000, 0x0000000082200000|100%|HC|  |TAMS 0x0000000082200000, 0x0000000082100000| Complete 
|  34|0x0000000082200000, 0x0000000082300000, 0x0000000082300000|100%| O|  |TAMS 0x0000000082300000, 0x0000000082200000| Untracked 
|  35|0x0000000082300000, 0x0000000082400000, 0x0000000082400000|100%| O|  |TAMS 0x0000000082400000, 0x0000000082300000| Untracked 
|  36|0x0000000082400000, 0x0000000082500000, 0x0000000082500000|100%| O|  |TAMS 0x0000000082500000, 0x0000000082400000| Untracked 
|  37|0x0000000082500000, 0x0000000082600000, 0x0000000082600000|100%| O|  |TAMS 0x0000000082600000, 0x0000000082500000| Untracked 
|  38|0x0000000082600000, 0x0000000082700000, 0x0000000082700000|100%| O|  |TAMS 0x0000000082700000, 0x0000000082600000| Untracked 
|  39|0x0000000082700000, 0x0000000082800000, 0x0000000082800000|100%| O|  |TAMS 0x0000000082800000, 0x0000000082700000| Untracked 
|  40|0x0000000082800000, 0x0000000082900000, 0x0000000082900000|100%| O|  |TAMS 0x0000000082880200, 0x0000000082800000| Untracked 
|  41|0x0000000082900000, 0x0000000082a00000, 0x0000000082a00000|100%| O|  |TAMS 0x0000000082900000, 0x0000000082900000| Untracked 
|  42|0x0000000082a00000, 0x0000000082b00000, 0x0000000082b00000|100%| O|  |TAMS 0x0000000082a00000, 0x0000000082a00000| Untracked 
|  43|0x0000000082b00000, 0x0000000082c00000, 0x0000000082c00000|100%| O|  |TAMS 0x0000000082b00000, 0x0000000082b00000| Untracked 
|  44|0x0000000082c00000, 0x0000000082c91600, 0x0000000082d00000| 56%| O|  |TAMS 0x0000000082c00000, 0x0000000082c00000| Untracked 
|  45|0x0000000082d00000, 0x0000000082d00000, 0x0000000082e00000|  0%| F|  |TAMS 0x0000000082d00000, 0x0000000082d00000| Untracked 
|  46|0x0000000082e00000, 0x0000000082e00000, 0x0000000082f00000|  0%| F|  |TAMS 0x0000000082e00000, 0x0000000082e00000| Untracked 
|  47|0x0000000082f00000, 0x0000000082f00000, 0x0000000083000000|  0%| F|  |TAMS 0x0000000082f00000, 0x0000000082f00000| Untracked 
|  48|0x0000000083000000, 0x0000000083000000, 0x0000000083100000|  0%| F|  |TAMS 0x0000000083000000, 0x0000000083000000| Untracked 
|  49|0x0000000083100000, 0x0000000083100000, 0x0000000083200000|  0%| F|  |TAMS 0x0000000083100000, 0x0000000083100000| Untracked 
|  50|0x0000000083200000, 0x0000000083200000, 0x0000000083300000|  0%| F|  |TAMS 0x0000000083200000, 0x0000000083200000| Untracked 
|  51|0x0000000083300000, 0x0000000083300000, 0x0000000083400000|  0%| F|  |TAMS 0x0000000083300000, 0x0000000083300000| Untracked 
|  52|0x0000000083400000, 0x0000000083400000, 0x0000000083500000|  0%| F|  |TAMS 0x0000000083400000, 0x0000000083400000| Untracked 
|  53|0x0000000083500000, 0x0000000083500000, 0x0000000083600000|  0%| F|  |TAMS 0x0000000083500000, 0x0000000083500000| Untracked 
|  54|0x0000000083600000, 0x0000000083600000, 0x0000000083700000|  0%| F|  |TAMS 0x0000000083600000, 0x0000000083600000| Untracked 
|  55|0x0000000083700000, 0x0000000083700000, 0x0000000083800000|  0%| F|  |TAMS 0x0000000083700000, 0x0000000083700000| Untracked 
|  56|0x0000000083800000, 0x0000000083800000, 0x0000000083900000|  0%| F|  |TAMS 0x0000000083800000, 0x0000000083800000| Untracked 
|  57|0x0000000083900000, 0x0000000083900000, 0x0000000083a00000|  0%| F|  |TAMS 0x0000000083900000, 0x0000000083900000| Untracked 
|  58|0x0000000083a00000, 0x0000000083a00000, 0x0000000083b00000|  0%| F|  |TAMS 0x0000000083a00000, 0x0000000083a00000| Untracked 
|  59|0x0000000083b00000, 0x0000000083b00000, 0x0000000083c00000|  0%| F|  |TAMS 0x0000000083b00000, 0x0000000083b00000| Untracked 
|  60|0x0000000083c00000, 0x0000000083c00000, 0x0000000083d00000|  0%| F|  |TAMS 0x0000000083c00000, 0x0000000083c00000| Untracked 
|  61|0x0000000083d00000, 0x0000000083e00000, 0x0000000083e00000|100%| S|CS|TAMS 0x0000000083d00000, 0x0000000083d00000| Complete 
|  62|0x0000000083e00000, 0x0000000083e00000, 0x0000000083f00000|  0%| F|  |TAMS 0x0000000083e00000, 0x0000000083e00000| Untracked 
|  63|0x0000000083f00000, 0x0000000084000000, 0x0000000084000000|100%| S|CS|TAMS 0x0000000083f00000, 0x0000000083f00000| Complete 
|  64|0x0000000084000000, 0x0000000084100000, 0x0000000084100000|100%| S|CS|TAMS 0x0000000084000000, 0x0000000084000000| Complete 
|  65|0x0000000084100000, 0x0000000084200000, 0x0000000084200000|100%| S|CS|TAMS 0x0000000084100000, 0x0000000084100000| Complete 
|  66|0x0000000084200000, 0x0000000084300000, 0x0000000084300000|100%| S|CS|TAMS 0x0000000084200000, 0x0000000084200000| Complete 
|  67|0x0000000084300000, 0x0000000084400000, 0x0000000084400000|100%| S|CS|TAMS 0x0000000084300000, 0x0000000084300000| Complete 
|  68|0x0000000084400000, 0x0000000084500000, 0x0000000084500000|100%| S|CS|TAMS 0x0000000084400000, 0x0000000084400000| Complete 
|  69|0x0000000084500000, 0x0000000084500000, 0x0000000084600000|  0%| F|  |TAMS 0x0000000084500000, 0x0000000084500000| Untracked 
|  70|0x0000000084600000, 0x0000000084600000, 0x0000000084700000|  0%| F|  |TAMS 0x0000000084600000, 0x0000000084600000| Untracked 
|  71|0x0000000084700000, 0x0000000084700000, 0x0000000084800000|  0%| F|  |TAMS 0x0000000084700000, 0x0000000084700000| Untracked 
|  72|0x0000000084800000, 0x0000000084800000, 0x0000000084900000|  0%| F|  |TAMS 0x0000000084800000, 0x0000000084800000| Untracked 
|  73|0x0000000084900000, 0x0000000084a00000, 0x0000000084a00000|100%| S|CS|TAMS 0x0000000084900000, 0x0000000084900000| Complete 
|  74|0x0000000084a00000, 0x0000000084a00000, 0x0000000084b00000|  0%| F|  |TAMS 0x0000000084a00000, 0x0000000084a00000| Untracked 
|  75|0x0000000084b00000, 0x0000000084b00000, 0x0000000084c00000|  0%| F|  |TAMS 0x0000000084b00000, 0x0000000084b00000| Untracked 
|  76|0x0000000084c00000, 0x0000000084c00000, 0x0000000084d00000|  0%| F|  |TAMS 0x0000000084c00000, 0x0000000084c00000| Untracked 
|  77|0x0000000084d00000, 0x0000000084d00000, 0x0000000084e00000|  0%| F|  |TAMS 0x0000000084d00000, 0x0000000084d00000| Untracked 
|  78|0x0000000084e00000, 0x0000000084e00000, 0x0000000084f00000|  0%| F|  |TAMS 0x0000000084e00000, 0x0000000084e00000| Untracked 
|  79|0x0000000084f00000, 0x0000000084f00000, 0x0000000085000000|  0%| F|  |TAMS 0x0000000084f00000, 0x0000000084f00000| Untracked 
|  80|0x0000000085000000, 0x0000000085000000, 0x0000000085100000|  0%| F|  |TAMS 0x0000000085000000, 0x0000000085000000| Untracked 
|  81|0x0000000085100000, 0x0000000085100000, 0x0000000085200000|  0%| F|  |TAMS 0x0000000085100000, 0x0000000085100000| Untracked 
|  82|0x0000000085200000, 0x0000000085200000, 0x0000000085300000|  0%| F|  |TAMS 0x0000000085200000, 0x0000000085200000| Untracked 
|  83|0x0000000085300000, 0x0000000085300000, 0x0000000085400000|  0%| F|  |TAMS 0x0000000085300000, 0x0000000085300000| Untracked 
|  84|0x0000000085400000, 0x00000000854691e0, 0x0000000085500000| 41%| E|  |TAMS 0x0000000085400000, 0x0000000085400000| Complete 
|  85|0x0000000085500000, 0x0000000085600000, 0x0000000085600000|100%| E|CS|TAMS 0x0000000085500000, 0x0000000085500000| Complete 
|  86|0x0000000085600000, 0x0000000085700000, 0x0000000085700000|100%| E|CS|TAMS 0x0000000085600000, 0x0000000085600000| Complete 
|  87|0x0000000085700000, 0x0000000085800000, 0x0000000085800000|100%| E|CS|TAMS 0x0000000085700000, 0x0000000085700000| Complete 
|  88|0x0000000085800000, 0x0000000085900000, 0x0000000085900000|100%| E|  |TAMS 0x0000000085800000, 0x0000000085800000| Complete 
|  89|0x0000000085900000, 0x0000000085a00000, 0x0000000085a00000|100%| E|CS|TAMS 0x0000000085900000, 0x0000000085900000| Complete 
|  90|0x0000000085a00000, 0x0000000085b00000, 0x0000000085b00000|100%| E|CS|TAMS 0x0000000085a00000, 0x0000000085a00000| Complete 
|  91|0x0000000085b00000, 0x0000000085c00000, 0x0000000085c00000|100%| E|CS|TAMS 0x0000000085b00000, 0x0000000085b00000| Complete 
|  92|0x0000000085c00000, 0x0000000085d00000, 0x0000000085d00000|100%| E|CS|TAMS 0x0000000085c00000, 0x0000000085c00000| Complete 
|  93|0x0000000085d00000, 0x0000000085e00000, 0x0000000085e00000|100%| E|CS|TAMS 0x0000000085d00000, 0x0000000085d00000| Complete 
|  94|0x0000000085e00000, 0x0000000085f00000, 0x0000000085f00000|100%| E|CS|TAMS 0x0000000085e00000, 0x0000000085e00000| Complete 
|  95|0x0000000085f00000, 0x0000000086000000, 0x0000000086000000|100%| E|CS|TAMS 0x0000000085f00000, 0x0000000085f00000| Complete 
|  96|0x0000000086000000, 0x0000000086100000, 0x0000000086100000|100%| E|CS|TAMS 0x0000000086000000, 0x0000000086000000| Complete 
|  97|0x0000000086100000, 0x0000000086200000, 0x0000000086200000|100%| E|CS|TAMS 0x0000000086100000, 0x0000000086100000| Complete 
|  98|0x0000000086200000, 0x0000000086300000, 0x0000000086300000|100%| E|CS|TAMS 0x0000000086200000, 0x0000000086200000| Complete 
|  99|0x0000000086300000, 0x0000000086400000, 0x0000000086400000|100%| E|CS|TAMS 0x0000000086300000, 0x0000000086300000| Complete 
| 100|0x0000000086400000, 0x0000000086500000, 0x0000000086500000|100%| E|CS|TAMS 0x0000000086400000, 0x0000000086400000| Complete 
| 101|0x0000000086500000, 0x0000000086600000, 0x0000000086600000|100%| E|CS|TAMS 0x0000000086500000, 0x0000000086500000| Complete 
| 102|0x0000000086600000, 0x0000000086700000, 0x0000000086700000|100%| E|CS|TAMS 0x0000000086600000, 0x0000000086600000| Complete 
| 103|0x0000000086700000, 0x0000000086800000, 0x0000000086800000|100%| E|CS|TAMS 0x0000000086700000, 0x0000000086700000| Complete 
| 104|0x0000000086800000, 0x0000000086900000, 0x0000000086900000|100%| E|CS|TAMS 0x0000000086800000, 0x0000000086800000| Complete 
| 105|0x0000000086900000, 0x0000000086a00000, 0x0000000086a00000|100%| E|CS|TAMS 0x0000000086900000, 0x0000000086900000| Complete 
| 106|0x0000000086a00000, 0x0000000086b00000, 0x0000000086b00000|100%| E|CS|TAMS 0x0000000086a00000, 0x0000000086a00000| Complete 
| 107|0x0000000086b00000, 0x0000000086c00000, 0x0000000086c00000|100%| E|CS|TAMS 0x0000000086b00000, 0x0000000086b00000| Complete 
| 108|0x0000000086c00000, 0x0000000086d00000, 0x0000000086d00000|100%| E|CS|TAMS 0x0000000086c00000, 0x0000000086c00000| Complete 
| 109|0x0000000086d00000, 0x0000000086e00000, 0x0000000086e00000|100%| E|CS|TAMS 0x0000000086d00000, 0x0000000086d00000| Complete 
| 110|0x0000000086e00000, 0x0000000086f00000, 0x0000000086f00000|100%| E|CS|TAMS 0x0000000086e00000, 0x0000000086e00000| Complete 
| 111|0x0000000086f00000, 0x0000000087000000, 0x0000000087000000|100%| E|CS|TAMS 0x0000000086f00000, 0x0000000086f00000| Complete 
| 112|0x0000000087000000, 0x0000000087100000, 0x0000000087100000|100%| E|CS|TAMS 0x0000000087000000, 0x0000000087000000| Complete 
| 113|0x0000000087100000, 0x0000000087200000, 0x0000000087200000|100%| E|CS|TAMS 0x0000000087100000, 0x0000000087100000| Complete 
| 114|0x0000000087200000, 0x0000000087300000, 0x0000000087300000|100%| E|CS|TAMS 0x0000000087200000, 0x0000000087200000| Complete 
| 115|0x0000000087300000, 0x0000000087400000, 0x0000000087400000|100%| E|CS|TAMS 0x0000000087300000, 0x0000000087300000| Complete 
| 116|0x0000000087400000, 0x0000000087500000, 0x0000000087500000|100%| E|CS|TAMS 0x0000000087400000, 0x0000000087400000| Complete 
| 117|0x0000000087500000, 0x0000000087600000, 0x0000000087600000|100%| E|CS|TAMS 0x0000000087500000, 0x0000000087500000| Complete 
| 118|0x0000000087600000, 0x0000000087700000, 0x0000000087700000|100%| E|CS|TAMS 0x0000000087600000, 0x0000000087600000| Complete 
| 119|0x0000000087700000, 0x0000000087800000, 0x0000000087800000|100%| E|CS|TAMS 0x0000000087700000, 0x0000000087700000| Complete 
| 120|0x0000000087800000, 0x0000000087900000, 0x0000000087900000|100%| E|CS|TAMS 0x0000000087800000, 0x0000000087800000| Complete 
| 121|0x0000000087900000, 0x0000000087a00000, 0x0000000087a00000|100%| E|CS|TAMS 0x0000000087900000, 0x0000000087900000| Complete 
| 122|0x0000000087a00000, 0x0000000087b00000, 0x0000000087b00000|100%| E|CS|TAMS 0x0000000087a00000, 0x0000000087a00000| Complete 
| 123|0x0000000087b00000, 0x0000000087c00000, 0x0000000087c00000|100%| E|CS|TAMS 0x0000000087b00000, 0x0000000087b00000| Complete 
| 124|0x0000000087c00000, 0x0000000087d00000, 0x0000000087d00000|100%| E|CS|TAMS 0x0000000087c00000, 0x0000000087c00000| Complete 
| 125|0x0000000087d00000, 0x0000000087e00000, 0x0000000087e00000|100%| E|CS|TAMS 0x0000000087d00000, 0x0000000087d00000| Complete 

Card table byte_map: [0x00000259ca220000,0x00000259ca620000] _byte_map_base: 0x00000259c9e20000

Marking Bits (Prev, Next): (CMBitMap*) 0x00000259b24e30e0, (CMBitMap*) 0x00000259b24e30a8
 Prev Bits: [0x00000259cca20000, 0x00000259cea20000)
 Next Bits: [0x00000259caa20000, 0x00000259cca20000)

Polling page: 0x00000259b2570000

Metaspace:

Usage:
  Non-class:     62.38 MB capacity,    61.16 MB ( 98%) used,  1011.43 KB (  2%) free+waste,   231.88 KB ( <1%) overhead. 
      Class:     10.15 MB capacity,     9.27 MB ( 91%) used,   786.20 KB (  8%) free+waste,   112.06 KB (  1%) overhead. 
       Both:     72.52 MB capacity,    70.43 MB ( 97%) used,     1.76 MB (  2%) free+waste,   343.94 KB ( <1%) overhead. 

Virtual space:
  Non-class space:       64.00 MB reserved,      62.40 MB ( 98%) committed 
      Class space:      504.00 MB reserved,      10.25 MB (  2%) committed 
             Both:      568.00 MB reserved,      72.65 MB ( 13%) committed 

Chunk freelists:
   Non-Class:  3.13 KB
       Class:  1.25 KB
        Both:  4.38 KB

CodeHeap 'non-profiled nmethods': size=120064Kb used=4642Kb max_used=4642Kb free=115421Kb
 bounds [0x00000259c22a0000, 0x00000259c2730000, 0x00000259c97e0000]
CodeHeap 'profiled nmethods': size=120000Kb used=17266Kb max_used=17266Kb free=102733Kb
 bounds [0x00000259bad70000, 0x00000259bbe60000, 0x00000259c22a0000]
CodeHeap 'non-nmethods': size=5696Kb used=2281Kb max_used=2322Kb free=3414Kb
 bounds [0x00000259ba7e0000, 0x00000259baa50000, 0x00000259bad70000]
 total_blobs=10783 nmethods=7847 adapters=790
 compilation: enabled
              stopped_count=0, restarted_count=0
 full_count=0

Compilation events (10 events):
Event: 100.143 Thread 0x00000259d108c000 8103       3       org.gradle.internal.logging.sink.LogEventDispatcher::dispatch (12 bytes)
Event: 100.143 Thread 0x00000259d108c000 nmethod 8103 0x00000259bbe4b510 code [0x00000259bbe4b6e0, 0x00000259bbe4b930]
Event: 100.143 Thread 0x00000259d108c000 8104       1       org.gradle.launcher.daemon.server.exec.LogToClient::access$100 (5 bytes)
Event: 100.143 Thread 0x00000259d108c000 nmethod 8104 0x00000259c2727190 code [0x00000259c2727340, 0x00000259c2727438]
Event: 100.156 Thread 0x00000259d108c000 8105       3       org.gradle.internal.watch.registry.impl.HierarchicalFileWatcherUpdater$$Lambda$402/0x0000000100524840::test (16 bytes)
Event: 100.156 Thread 0x00000259d108c000 nmethod 8105 0x00000259bbe4ba10 code [0x00000259bbe4bc00, 0x00000259bbe4c120]
Event: 100.156 Thread 0x00000259d108c000 8106       3       org.gradle.internal.watch.registry.impl.HierarchicalFileWatcherUpdater::lambda$handleVirtualFileSystemContentsChanged$0 (34 bytes)
Event: 100.157 Thread 0x00000259d108c000 nmethod 8106 0x00000259bbe4c310 code [0x00000259bbe4c500, 0x00000259bbe4c8e0]
Event: 100.158 Thread 0x00000259d108c000 8107       3       org.gradle.internal.snapshot.LargeChildMap::withNode (45 bytes)
Event: 100.159 Thread 0x00000259d108c000 nmethod 8107 0x00000259bbe4ca10 code [0x00000259bbe4cd00, 0x00000259bbe4dea0]

GC Heap History (10 events):
Event: 84.570 GC heap before
{Heap before GC invocations=14 (full 0):
 garbage-first heap   total 129024K, used 95996K [0x0000000080000000, 0x0000000100000000)
  region size 1024K, 58 young (59392K), 6 survivors (6144K)
 Metaspace       used 57173K, capacity 58805K, committed 59164K, reserved 567296K
  class space    used 7494K, capacity 8209K, committed 8320K, reserved 516096K
}
Event: 84.582 GC heap after
{Heap after GC invocations=15 (full 0):
 garbage-first heap   total 129024K, used 45003K [0x0000000080000000, 0x0000000100000000)
  region size 1024K, 6 young (6144K), 6 survivors (6144K)
 Metaspace       used 57173K, capacity 58805K, committed 59164K, reserved 567296K
  class space    used 7494K, capacity 8209K, committed 8320K, reserved 516096K
}
Event: 85.940 GC heap before
{Heap before GC invocations=15 (full 0):
 garbage-first heap   total 129024K, used 62411K [0x0000000080000000, 0x0000000100000000)
  region size 1024K, 24 young (24576K), 6 survivors (6144K)
 Metaspace       used 58884K, capacity 60516K, committed 60572K, reserved 569344K
  class space    used 7711K, capacity 8397K, committed 8448K, reserved 516096K
}
Event: 85.950 GC heap after
{Heap after GC invocations=16 (full 0):
 garbage-first heap   total 129024K, used 45808K [0x0000000080000000, 0x0000000100000000)
  region size 1024K, 5 young (5120K), 5 survivors (5120K)
 Metaspace       used 58884K, capacity 60516K, committed 60572K, reserved 569344K
  class space    used 7711K, capacity 8397K, committed 8448K, reserved 516096K
}
Event: 88.026 GC heap before
{Heap before GC invocations=17 (full 0):
 garbage-first heap   total 129024K, used 99056K [0x0000000080000000, 0x0000000100000000)
  region size 1024K, 57 young (58368K), 5 survivors (5120K)
 Metaspace       used 62800K, capacity 64660K, committed 64796K, reserved 573440K
  class space    used 8245K, capacity 8989K, committed 9088K, reserved 516096K
}
Event: 88.037 GC heap after
{Heap after GC invocations=18 (full 0):
 garbage-first heap   total 129024K, used 47361K [0x0000000080000000, 0x0000000100000000)
  region size 1024K, 6 young (6144K), 6 survivors (6144K)
 Metaspace       used 62800K, capacity 64660K, committed 64796K, reserved 573440K
  class space    used 8245K, capacity 8989K, committed 9088K, reserved 516096K
}
Event: 92.185 GC heap before
{Heap before GC invocations=18 (full 0):
 garbage-first heap   total 129024K, used 100609K [0x0000000080000000, 0x0000000100000000)
  region size 1024K, 59 young (60416K), 6 survivors (6144K)
 Metaspace       used 66048K, capacity 67947K, committed 68252K, reserved 575488K
  class space    used 8671K, capacity 9412K, committed 9472K, reserved 516096K
}
Event: 92.196 GC heap after
{Heap after GC invocations=19 (full 0):
 garbage-first heap   total 129024K, used 49790K [0x0000000080000000, 0x0000000100000000)
  region size 1024K, 5 young (5120K), 5 survivors (5120K)
 Metaspace       used 66048K, capacity 67947K, committed 68252K, reserved 575488K
  class space    used 8671K, capacity 9412K, committed 9472K, reserved 516096K
}
Event: 96.966 GC heap before
{Heap before GC invocations=19 (full 0):
 garbage-first heap   total 129024K, used 103038K [0x0000000080000000, 0x0000000100000000)
  region size 1024K, 57 young (58368K), 5 survivors (5120K)
 Metaspace       used 69414K, capacity 71495K, committed 71708K, reserved 579584K
  class space    used 9168K, capacity 10027K, committed 10112K, reserved 516096K
}
Event: 96.982 GC heap after
{Heap after GC invocations=20 (full 0):
 garbage-first heap   total 129024K, used 53829K [0x0000000080000000, 0x0000000100000000)
  region size 1024K, 8 young (8192K), 8 survivors (8192K)
 Metaspace       used 69414K, capacity 71495K, committed 71708K, reserved 579584K
  class space    used 9168K, capacity 10027K, committed 10112K, reserved 516096K
}

Deoptimization events (10 events):
Event: 99.872 Thread 0x00000259d3ea4800 Uncommon trap: reason=bimorphic_or_optimized_type_check action=maybe_recompile pc=0x00000259c268f520 method=com.google.common.collect.RegularImmutableMap.get(Ljava/lang/Object;[Lcom/google/common/collect/ImmutableMapEntry;I)Ljava/lang/Object; @ 54 c2
Event: 99.872 Thread 0x00000259d3ea4800 Uncommon trap: reason=bimorphic_or_optimized_type_check action=maybe_recompile pc=0x00000259c268f520 method=com.google.common.collect.RegularImmutableMap.get(Ljava/lang/Object;[Lcom/google/common/collect/ImmutableMapEntry;I)Ljava/lang/Object; @ 54 c2
Event: 99.873 Thread 0x00000259d3ea4800 Uncommon trap: reason=bimorphic_or_optimized_type_check action=maybe_recompile pc=0x00000259c268f520 method=com.google.common.collect.RegularImmutableMap.get(Ljava/lang/Object;[Lcom/google/common/collect/ImmutableMapEntry;I)Ljava/lang/Object; @ 54 c2
Event: 99.873 Thread 0x00000259d3ea4800 Uncommon trap: reason=bimorphic_or_optimized_type_check action=maybe_recompile pc=0x00000259c268f520 method=com.google.common.collect.RegularImmutableMap.get(Ljava/lang/Object;[Lcom/google/common/collect/ImmutableMapEntry;I)Ljava/lang/Object; @ 54 c2
Event: 99.883 Thread 0x00000259d3ea4800 Uncommon trap: reason=class_check action=maybe_recompile pc=0x00000259c22efa28 method=java.util.Collections$SetFromMap.remove(Ljava/lang/Object;)Z @ 5 c2
Event: 99.887 Thread 0x00000259d3ea4800 Uncommon trap: reason=class_check action=maybe_recompile pc=0x00000259c22efa28 method=java.util.Collections$SetFromMap.remove(Ljava/lang/Object;)Z @ 5 c2
Event: 99.897 Thread 0x00000259d3ea4800 Uncommon trap: reason=class_check action=maybe_recompile pc=0x00000259c22efa28 method=java.util.Collections$SetFromMap.remove(Ljava/lang/Object;)Z @ 5 c2
Event: 100.050 Thread 0x00000259d3ea3800 Uncommon trap: reason=bimorphic_or_optimized_type_check action=maybe_recompile pc=0x00000259c24d272c method=java.io.BufferedInputStream.read1([BII)I @ 39 c2
Event: 100.068 Thread 0x00000259d3ea3800 Uncommon trap: reason=bimorphic_or_optimized_type_check action=maybe_recompile pc=0x00000259c24d272c method=java.io.BufferedInputStream.read1([BII)I @ 39 c2
Event: 100.088 Thread 0x00000259d2b46000 Uncommon trap: reason=bimorphic_or_optimized_type_check action=maybe_recompile pc=0x00000259c2678b60 method=com.google.common.collect.ImmutableList.copyOf(Ljava/util/Collection;)Lcom/google/common/collect/ImmutableList; @ 11 c2

Classes redefined (0 events):
No events

Internal exceptions (10 events):
Event: 92.184 Thread 0x00000259d2b46000 Exception <a 'java/lang/ClassNotFoundException'{0x00000000849bae40}: org/gradle/api/internal/artifacts/dsl/dependencies/DefaultDependencyHandler_DecoratedBeanInfo> (0x00000000849bae40) thrown at [t:/workspace/open/src/hotspot/share/classfile/systemDiction
Event: 92.196 Thread 0x00000259d2b46000 Exception <a 'java/lang/ClassNotFoundException'{0x0000000087d03af8}: org/gradle/api/internal/artifacts/dsl/dependencies/DefaultDependencyHandlerBeanInfo> (0x0000000087d03af8) thrown at [t:/workspace/open/src/hotspot/share/classfile/systemDictionary.cpp, l
Event: 92.197 Thread 0x00000259d2b46000 Exception <a 'java/lang/ClassNotFoundException'{0x0000000087d4afe0}: org/gradle/api/internal/artifacts/dsl/dependencies/DefaultDependencyHandlerCustomizer> (0x0000000087d4afe0) thrown at [t:/workspace/open/src/hotspot/share/classfile/systemDictionary.cpp,
Event: 92.200 Thread 0x00000259d2b46000 Exception <a 'java/lang/ClassNotFoundException'{0x0000000087dbd4d0}: org/gradle/api/internal/artifacts/dsl/dependencies/DefaultDependencyHandler_DecoratedCustomizer> (0x0000000087dbd4d0) thrown at [t:/workspace/open/src/hotspot/share/classfile/systemDicti
Event: 94.265 Thread 0x00000259d2b46000 Exception <a 'java/lang/NoSuchMethodError'{0x0000000085ffbdd8}: java.lang.invoke.DirectMethodHandle$Holder.invokeSpecial(Ljava/lang/Object;Ljava/lang/Object;Ljava/lang/Object;Ljava/lang/Object;Ljava/lang/Object;Ljava/lang/Object;Ljava/lang/Object;Ljava/la
Event: 94.268 Thread 0x00000259d2b46000 Exception <a 'java/lang/NoSuchMethodError'{0x0000000085e09fa0}: java.lang.invoke.Invokers$Holder.linkToTargetMethod(Ljava/lang/Object;Ljava/lang/Object;Ljava/lang/Object;Ljava/lang/Object;Ljava/lang/Object;Ljava/lang/Object;Ljava/lang/Object;Ljava/lang/Ob
Event: 96.299 Thread 0x00000259d3ea1000 Exception <a 'java/lang/NoSuchMethodError'{0x0000000085055a08}: java.lang.invoke.DirectMethodHandle$Holder.invokeStatic(Ljava/lang/Object;Ljava/lang/Object;Ljava/lang/Object;Ljava/lang/Object;ILjava/lang/Object;)Ljava/lang/Object;> (0x0000000085055a08) th
Event: 96.299 Thread 0x00000259d3ea1000 Exception <a 'java/lang/NoSuchMethodError'{0x0000000085059510}: java.lang.invoke.Invokers$Holder.linkToTargetMethod(Ljava/lang/Object;Ljava/lang/Object;Ljava/lang/Object;ILjava/lang/Object;Ljava/lang/Object;)Ljava/lang/Object;> (0x0000000085059510) thrown
Event: 96.317 Thread 0x00000259d3ea4800 Exception <a 'java/lang/NoSuchMethodError'{0x00000000851a9ca8}: java.lang.invoke.DirectMethodHandle$Holder.invokeInterface(Ljava/lang/Object;Ljava/lang/Object;Ljava/lang/Object;Ljava/lang/Object;)V> (0x00000000851a9ca8) thrown at [t:/workspace/open/src/ho
Event: 96.580 Thread 0x00000259d3ea4800 Exception <a 'java/lang/NoSuchMethodError'{0x0000000084ebfe68}: java.lang.invoke.DirectMethodHandle$Holder.invokeSpecial(Ljava/lang/Object;Ljava/lang/Object;Ljava/lang/Object;Ljava/lang/Object;Ljava/lang/Object;)I> (0x0000000084ebfe68) thrown at [t:/works

Events (10 events):
Event: 100.094 Executing VM operation: RevokeBias
Event: 100.094 Executing VM operation: RevokeBias done
Event: 100.101 Thread 0x00000259d4681000 DEOPT PACKING pc=0x00000259bb13bb6c sp=0x000000b65eefd100
Event: 100.101 Thread 0x00000259d4681000 DEOPT UNPACKING pc=0x00000259ba808d4e sp=0x000000b65eefc6a0 mode 0
Event: 100.112 Thread 0x00000259d467f000 DEOPT PACKING pc=0x00000259bb13bb6c sp=0x000000b65f0fd310
Event: 100.112 Thread 0x00000259d467f000 DEOPT UNPACKING pc=0x00000259ba808d4e sp=0x000000b65f0fc8b0 mode 0
Event: 100.125 Thread 0x00000259d467f000 DEOPT PACKING pc=0x00000259bb13bb6c sp=0x000000b65f0fd310
Event: 100.125 Thread 0x00000259d467f000 DEOPT UNPACKING pc=0x00000259ba808d4e sp=0x000000b65f0fc8b0 mode 0
Event: 100.136 Thread 0x00000259d5951000 DEOPT PACKING pc=0x00000259bb13bb6c sp=0x000000b65fbfc8a0
Event: 100.137 Thread 0x00000259d5951000 DEOPT UNPACKING pc=0x00000259ba808d4e sp=0x000000b65fbfbe40 mode 0


Dynamic libraries:
0x00007ff7a1d30000 - 0x00007ff7a1d75000 	C:\Users\a\AppData\Local\jdk-11.0.2\bin\java.exe
0x00007ff87b290000 - 0x00007ff87b488000 	C:\WINDOWS\SYSTEM32\ntdll.dll
0x00007ff8792c0000 - 0x00007ff87937d000 	C:\WINDOWS\System32\KERNEL32.DLL
0x00007ff878c40000 - 0x00007ff878f36000 	C:\WINDOWS\System32\KERNELBASE.dll
0x00007ff872a50000 - 0x00007ff872ae0000 	C:\WINDOWS\SYSTEM32\apphelp.dll
0x00007ff87aa80000 - 0x00007ff87ac1e000 	C:\WINDOWS\System32\USER32.dll
0x00007ff878ab0000 - 0x00007ff878ad2000 	C:\WINDOWS\System32\win32u.dll
0x00007ff87a020000 - 0x00007ff87a04b000 	C:\WINDOWS\System32\GDI32.dll
0x00007ff878940000 - 0x00007ff878a57000 	C:\WINDOWS\System32\gdi32full.dll
0x00007ff879220000 - 0x00007ff8792bd000 	C:\WINDOWS\System32\msvcp_win.dll
0x00007ff878fb0000 - 0x00007ff8790b0000 	C:\WINDOWS\System32\ucrtbase.dll
0x00007ff85f030000 - 0x00007ff85f2ca000 	C:\WINDOWS\WinSxS\amd64_microsoft.windows.common-controls_6595b64144ccf1df_6.0.19041.3636_none_60b6a03d71f818d5\COMCTL32.dll
0x00007ff87a0c0000 - 0x00007ff87a15e000 	C:\WINDOWS\System32\msvcrt.dll
0x00007ff87a230000 - 0x00007ff87a262000 	C:\WINDOWS\System32\IMM32.DLL
0x00007ff83a9b0000 - 0x00007ff83a9c6000 	C:\Users\a\AppData\Local\jdk-11.0.2\bin\vcruntime140.dll
0x00007ff83a900000 - 0x00007ff83a9aa000 	C:\Users\a\AppData\Local\jdk-11.0.2\bin\msvcp140.dll
0x00007ff836b30000 - 0x00007ff837653000 	C:\Users\a\AppData\Local\jdk-11.0.2\bin\server\jvm.dll
0x00007ff87ade0000 - 0x00007ff87ae90000 	C:\WINDOWS\System32\ADVAPI32.dll
0x00007ff87ad40000 - 0x00007ff87ade0000 	C:\WINDOWS\System32\sechost.dll
0x00007ff879e10000 - 0x00007ff879f35000 	C:\WINDOWS\System32\RPCRT4.dll
0x00007ff8790b0000 - 0x00007ff8790d7000 	C:\WINDOWS\System32\bcrypt.dll
0x00007ff87aa40000 - 0x00007ff87aa48000 	C:\WINDOWS\System32\PSAPI.DLL
0x00007ff8732c0000 - 0x00007ff8732c9000 	C:\WINDOWS\SYSTEM32\WSOCK32.dll
0x00007ff87a050000 - 0x00007ff87a0bb000 	C:\WINDOWS\System32\WS2_32.dll
0x00007ff861620000 - 0x00007ff861647000 	C:\WINDOWS\SYSTEM32\WINMM.dll
0x00007ff873300000 - 0x00007ff87330a000 	C:\WINDOWS\SYSTEM32\VERSION.dll
0x00007ff877170000 - 0x00007ff877182000 	C:\WINDOWS\SYSTEM32\kernel.appcore.dll
0x00007ff83a8e0000 - 0x00007ff83a8f1000 	C:\Users\a\AppData\Local\jdk-11.0.2\bin\verify.dll
0x00007ff873650000 - 0x00007ff873834000 	C:\WINDOWS\SYSTEM32\DBGHELP.DLL
0x00007ff861510000 - 0x00007ff861544000 	C:\WINDOWS\SYSTEM32\dbgcore.DLL
0x00007ff879190000 - 0x00007ff879212000 	C:\WINDOWS\System32\bcryptPrimitives.dll
0x00007ff83a8b0000 - 0x00007ff83a8d8000 	C:\Users\a\AppData\Local\jdk-11.0.2\bin\java.dll
0x00007ff83a890000 - 0x00007ff83a8a6000 	C:\Users\a\AppData\Local\jdk-11.0.2\bin\zip.dll
0x00007ff870ff0000 - 0x00007ff870ffa000 	C:\Users\a\AppData\Local\jdk-11.0.2\bin\jimage.dll
0x00007ff87a2d0000 - 0x00007ff87aa3b000 	C:\WINDOWS\System32\SHELL32.dll
0x00007ff873840000 - 0x00007ff873fde000 	C:\WINDOWS\SYSTEM32\windows.storage.dll
0x00007ff87aef0000 - 0x00007ff87b243000 	C:\WINDOWS\System32\combase.dll
0x00007ff8782a0000 - 0x00007ff8782ce000 	C:\WINDOWS\SYSTEM32\Wldp.dll
0x00007ff87a160000 - 0x00007ff87a22d000 	C:\WINDOWS\System32\OLEAUT32.dll
0x00007ff879d60000 - 0x00007ff879e0d000 	C:\WINDOWS\System32\SHCORE.dll
0x00007ff87a270000 - 0x00007ff87a2c5000 	C:\WINDOWS\System32\shlwapi.dll
0x00007ff878870000 - 0x00007ff878895000 	C:\WINDOWS\SYSTEM32\profapi.dll
0x00007ff824b50000 - 0x00007ff824b69000 	C:\Users\a\AppData\Local\jdk-11.0.2\bin\net.dll
0x00007ff866e60000 - 0x00007ff866f6a000 	C:\WINDOWS\SYSTEM32\WINHTTP.dll
0x00007ff85e870000 - 0x00007ff85ea5c000 	C:\WINDOWS\SYSTEM32\urlmon.dll
0x00007ff85e590000 - 0x00007ff85e84c000 	C:\WINDOWS\SYSTEM32\iertutil.dll
0x00007ff861310000 - 0x00007ff861338000 	C:\WINDOWS\SYSTEM32\srvcli.dll
0x00007ff877de0000 - 0x00007ff877dec000 	C:\WINDOWS\SYSTEM32\netutils.dll
0x00007ff878000000 - 0x00007ff87806a000 	C:\WINDOWS\system32\mswsock.dll
0x00007ff811270000 - 0x00007ff811283000 	C:\Users\a\AppData\Local\jdk-11.0.2\bin\nio.dll
0x00007ff83aa90000 - 0x00007ff83aab7000 	C:\Users\a\.gradle\native\68d5fa5c4cc2d200863cafc0d521ce42e7d3e7ee720ec0a83991735586a16f82\windows-amd64\native-platform.dll
0x00007ffffc7f0000 - 0x00007ffffc934000 	C:\Users\a\.gradle\native\e376f236ea51e6404a007f0833ffe2c6e607c4080706a723a18a27aeea778392\windows-amd64\native-platform-file-events.dll
0x00007ff847510000 - 0x00007ff847519000 	C:\Users\a\AppData\Local\jdk-11.0.2\bin\management.dll
0x00007ff847500000 - 0x00007ff84750c000 	C:\Users\a\AppData\Local\jdk-11.0.2\bin\management_ext.dll
0x00007ff8781f0000 - 0x00007ff878208000 	C:\WINDOWS\SYSTEM32\CRYPTSP.dll
0x00007ff8778f0000 - 0x00007ff877924000 	C:\WINDOWS\system32\rsaenh.dll
0x00007ff8787f0000 - 0x00007ff87881e000 	C:\WINDOWS\SYSTEM32\USERENV.dll
0x00007ff878210000 - 0x00007ff87821c000 	C:\WINDOWS\SYSTEM32\CRYPTBASE.dll
0x00007ff877cd0000 - 0x00007ff877d0b000 	C:\WINDOWS\SYSTEM32\IPHLPAPI.DLL
0x00007ff879c90000 - 0x00007ff879c98000 	C:\WINDOWS\System32\NSI.dll
0x00007ff86ba70000 - 0x00007ff86ba87000 	C:\WINDOWS\SYSTEM32\dhcpcsvc6.DLL
0x00007ff86d120000 - 0x00007ff86d13d000 	C:\WINDOWS\SYSTEM32\dhcpcsvc.DLL
0x00007ff877d10000 - 0x00007ff877ddb000 	C:\WINDOWS\SYSTEM32\DNSAPI.dll

dbghelp: loaded successfully - version: 4.0.5 - missing functions: none
symbol engine: initialized successfully - sym options: 0x614 - pdb path: .;C:\Users\a\AppData\Local\jdk-11.0.2\bin;C:\WINDOWS\SYSTEM32;C:\WINDOWS\WinSxS\amd64_microsoft.windows.common-controls_6595b64144ccf1df_6.0.19041.3636_none_60b6a03d71f818d5;C:\Users\a\AppData\Local\jdk-11.0.2\bin\server;C:\Users\a\.gradle\native\68d5fa5c4cc2d200863cafc0d521ce42e7d3e7ee720ec0a83991735586a16f82\windows-amd64;C:\Users\a\.gradle\native\e376f236ea51e6404a007f0833ffe2c6e607c4080706a723a18a27aeea778392\windows-amd64

VM Arguments:
jvm_args: -XX:MaxMetaspaceSize=512m --add-opens=java.base/java.util=ALL-UNNAMED --add-opens=java.base/java.lang=ALL-UNNAMED --add-opens=java.base/java.lang.invoke=ALL-UNNAMED --add-opens=java.prefs/java.util.prefs=ALL-UNNAMED --add-opens=java.base/java.nio.charset=ALL-UNNAMED --add-opens=java.base/java.net=ALL-UNNAMED --add-opens=java.base/java.util.concurrent.atomic=ALL-UNNAMED -Xmx2048m -Dfile.encoding=windows-1252 -Duser.country=VN -Duser.language=vi -Duser.variant 
java_command: org.gradle.launcher.daemon.bootstrap.GradleDaemon 7.6
java_class_path (initial): C:\Users\a\.gradle\wrapper\dists\gradle-7.6-bin\9l9tetv7ltxvx3i8an4pb86ye\gradle-7.6\lib\gradle-launcher-7.6.jar
Launcher Type: SUN_STANDARD

[Global flags]
     intx CICompilerCount                          = 3                                         {product} {ergonomic}
   size_t CompressedClassSpaceSize                 = 528482304                                 {product} {ergonomic}
     uint ConcGCThreads                            = 1                                         {product} {ergonomic}
     uint G1ConcRefinementThreads                  = 4                                         {product} {ergonomic}
   size_t G1HeapRegionSize                         = 1048576                                   {product} {ergonomic}
    uintx GCDrainStackTargetSize                   = 64                                        {product} {ergonomic}
   size_t InitialHeapSize                          = 132120576                                 {product} {ergonomic}
   size_t MarkStackSize                            = 4194304                                   {product} {ergonomic}
   size_t MaxHeapSize                              = 2147483648                                {product} {command line}
   size_t MaxMetaspaceSize                         = 536870912                                 {product} {command line}
   size_t MaxNewSize                               = 1287651328                                {product} {ergonomic}
   size_t MinHeapDeltaBytes                        = 1048576                                   {product} {ergonomic}
    uintx NonNMethodCodeHeapSize                   = 5830092                                {pd product} {ergonomic}
    uintx NonProfiledCodeHeapSize                  = 122914074                              {pd product} {ergonomic}
    uintx ProfiledCodeHeapSize                     = 122914074                              {pd product} {ergonomic}
    uintx ReservedCodeCacheSize                    = 251658240                              {pd product} {ergonomic}
     bool SegmentedCodeCache                       = true                                      {product} {ergonomic}
     bool UseCompressedClassPointers               = true                                 {lp64_product} {ergonomic}
     bool UseCompressedOops                        = true                                 {lp64_product} {ergonomic}
     bool UseG1GC                                  = true                                      {product} {ergonomic}
     bool UseLargePagesIndividualAllocation        = false                                  {pd product} {ergonomic}

Logging:
Log output configuration:
 #0: stdout all=warning uptime,level,tags
 #1: stderr all=off uptime,level,tags

Environment Variables:
JAVA_HOME=C:\Users\a\AppData\Local\jdk-11.0.2
CLASSPATH=E:\RN\attendent-kit\mobile\android\\gradle\wrapper\gradle-wrapper.jar
PATH=E:\RN\attendent-kit\mobile\node_modules\.bin;E:\RN\attendent-kit\mobile\node_modules\.bin;E:\RN\attendent-kit\node_modules\.bin;E:\RN\node_modules\.bin;E:\node_modules\.bin;C:\Program Files\nodejs\node_modules\npm\node_modules\@npmcli\run-script\lib\node-gyp-bin;C:\Users\a\AppData\Local\Temp\yarn--1712303365335-0.5252633726466331;E:\RN\attendent-kit\mobile\node_modules\.bin;C:\Users\a\AppData\Local\Yarn\Data\link\node_modules\.bin;C:\Users\a\AppData\Local\Yarn\bin;C:\Program Files\libexec\lib\node_modules\npm\bin\node-gyp-bin;C:\Program Files\lib\node_modules\npm\bin\node-gyp-bin;C:\Program Files\nodejs\node_modules\npm\bin\node-gyp-bin;C:\Program Files\apache-maven-3.8.5\bin;C:\WINDOWS\system32;C:\WINDOWS;C:\WINDOWS\System32\Wbem;C:\WINDOWS\System32\WindowsPowerShell\v1.0\;C:\WINDOWS\System32\OpenSSH\;C:\Program Files (x86)\mingw-w64\i686-8.1.0-posix-dwarf-rt_v6-rev0\mingw32\bin;C:\Program Files (x86)\Microsoft SQL Server\100\Tools\Binn\;C:\Program Files\Microsoft SQL Server\100\Tools\Binn\;C:\Program Files\Microsoft SQL Server\100\DTS\Binn\;C:\Program Files (x86)\Microsoft SQL Server\100\Tools\Binn\VSShell\Common7\IDE\;C:\Program Files (x86)\Microsoft Visual Studio 9.0\Common7\IDE\PrivateAssemblies\;C:\Program Files (x86)\Microsoft SQL Server\100\DTS\Binn\;C:\Program Files\Git\cmd;C:\ProgramData\ComposerSetup\bin;C:\Program Files\nodejs\;C:\Users\a\Downloads\platform-tools;C:\Users\a\AppData\Local\Android\Sdk\platform-tools;C:\Users\a\AppData\Local\jdk-11.0.2\bin;C:\Users\a\AppData\Local\Android\Sdk\tools;C:\Users\a\AppData\Local\jdk-11.0.2\bin;C:\Users\a\AppData\Local\Microsoft\WindowsApps;C:\Users\a\AppData\Local\Programs\Microsoft VS Code\bin;C:\xampp\php;C:\Users\a\composer;C:\Users\a\AppData\Roaming\Composer\vendor\bin;C:\Program Files\JetBrains\IntelliJ IDEA Community Edition 2022.1\bin;;C:\Users\a\AppData\Roaming\npm;
USERNAME=a
OS=Windows_NT
PROCESSOR_IDENTIFIER=Intel64 Family 6 Model 142 Stepping 10, GenuineIntel



---------------  S Y S T E M  ---------------

OS: Windows 10 , 64 bit Build 19041 (10.0.19041.3636)

CPU:total 4 (initial active 4) (2 cores per cpu, 2 threads per core) family 6 model 142 stepping 10, cmov, cx8, fxsr, mmx, sse, sse2, sse3, ssse3, sse4.1, sse4.2, popcnt, avx, avx2, aes, clmul, erms, 3dnowpref, lzcnt, ht, tsc, tscinvbit, bmi1, bmi2, adx, fma

Memory: 4k page, system-wide physical 8063M (460M free)
TotalPageFile size 19313M (AvailPageFile size 3M)
current process WorkingSet (physical memory assigned to process): 308M, peak: 308M
current process commit charge ("private bytes"): 358M, peak: 359M

vm_info: OpenJDK 64-Bit Server VM (11.0.2+9) for windows-amd64 JRE (11.0.2+9), built on Jan 18 2019 05:23:22 by "mach5one" with MS VC++ 15.5 (VS2017)

END.
